<?xml version="1.0" encoding="UTF-8"?>
<!-- Generated by org.testng.reporters.JUnitXMLReporter -->
<testsuite hostname="aspire512" name="Default test" tests="4" failures="4" timestamp="10 May 2016 12:48:46 GMT" time="0.401" errors="0">
  <testcase name="tcPUMADemo01" time="0.306" classname="com.puma.testscripts.Fluid_PUMA_Demo">
    <failure type="java.lang.IllegalAccessError" message="tried to access method com.google.common.base.Stopwatch.&amp;lt;init&amp;gt;()V from class com.ecom.support.StopWatch">
      <![CDATA[java.lang.IllegalAccessError: tried to access method com.google.common.base.Stopwatch.<init>()V from class com.ecom.support.StopWatch
	at com.ecom.support.StopWatch.<clinit>(StopWatch.java:13)
	at com.ecom.support.WebDriverFactory.get(WebDriverFactory.java:200)
	at com.puma.testscripts.Fluid_PUMA_Demo.tcPUMADemo01(Fluid_PUMA_Demo.java:32)
	at sun.reflect.NativeMethodAccessorImpl.invoke0(Native Method)
	at sun.reflect.NativeMethodAccessorImpl.invoke(Unknown Source)
	at sun.reflect.DelegatingMethodAccessorImpl.invoke(Unknown Source)
	at java.lang.reflect.Method.invoke(Unknown Source)
	at org.testng.internal.MethodInvocationHelper.invokeMethod(MethodInvocationHelper.java:85)
	at org.testng.internal.Invoker.invokeMethod(Invoker.java:659)
	at org.testng.internal.Invoker.invokeTestMethod(Invoker.java:845)
	at org.testng.internal.TestMethodWithDataProviderMethodWorker.call(TestMethodWithDataProviderMethodWorker.java:75)
	at org.testng.internal.TestMethodWithDataProviderMethodWorker.call(TestMethodWithDataProviderMethodWorker.java:14)
	at java.util.concurrent.FutureTask.run(Unknown Source)
	at java.util.concurrent.Executors$RunnableAdapter.call(Unknown Source)
	at java.util.concurrent.FutureTask.run(Unknown Source)
	at java.util.concurrent.ThreadPoolExecutor.runWorker(Unknown Source)
	at java.util.concurrent.ThreadPoolExecutor$Worker.run(Unknown Source)
	at java.lang.Thread.run(Unknown Source)
]]>
    </failure>
  </testcase> <!-- tcPUMADemo01 -->
  <testcase name="tcPUMADemo01" time="0.309" classname="com.puma.testscripts.Fluid_PUMA_Demo">
    <failure type="java.lang.NoClassDefFoundError" message="Could not initialize class com.ecom.support.StopWatch">
      <![CDATA[java.lang.NoClassDefFoundError: Could not initialize class com.ecom.support.StopWatch
	at com.ecom.support.WebDriverFactory.get(WebDriverFactory.java:200)
	at com.puma.testscripts.Fluid_PUMA_Demo.tcPUMADemo01(Fluid_PUMA_Demo.java:32)
	at sun.reflect.NativeMethodAccessorImpl.invoke0(Native Method)
	at sun.reflect.NativeMethodAccessorImpl.invoke(Unknown Source)
	at sun.reflect.DelegatingMethodAccessorImpl.invoke(Unknown Source)
	at java.lang.reflect.Method.invoke(Unknown Source)
	at org.testng.internal.MethodInvocationHelper.invokeMethod(MethodInvocationHelper.java:85)
	at org.testng.internal.Invoker.invokeMethod(Invoker.java:659)
	at org.testng.internal.Invoker.invokeTestMethod(Invoker.java:845)
	at org.testng.internal.TestMethodWithDataProviderMethodWorker.call(TestMethodWithDataProviderMethodWorker.java:75)
	at org.testng.internal.TestMethodWithDataProviderMethodWorker.call(TestMethodWithDataProviderMethodWorker.java:14)
	at java.util.concurrent.FutureTask.run(Unknown Source)
	at java.util.concurrent.Executors$RunnableAdapter.call(Unknown Source)
	at java.util.concurrent.FutureTask.run(Unknown Source)
	at java.util.concurrent.ThreadPoolExecutor.runWorker(Unknown Source)
	at java.util.concurrent.ThreadPoolExecutor$Worker.run(Unknown Source)
	at java.lang.Thread.run(Unknown Source)
]]>
    </failure>
  </testcase> <!-- tcPUMADemo01 -->
  <testcase name="tcPUMADemo01" time="0.31" classname="com.puma.testscripts.Fluid_PUMA_Demo">
    <failure type="java.lang.NoClassDefFoundError" message="Could not initialize class com.ecom.support.StopWatch">
      <![CDATA[java.lang.NoClassDefFoundError: Could not initialize class com.ecom.support.StopWatch
	at com.ecom.support.WebDriverFactory.get(WebDriverFactory.java:200)
	at com.puma.testscripts.Fluid_PUMA_Demo.tcPUMADemo01(Fluid_PUMA_Demo.java:32)
	at sun.reflect.NativeMethodAccessorImpl.invoke0(Native Method)
	at sun.reflect.NativeMethodAccessorImpl.invoke(Unknown Source)
	at sun.reflect.DelegatingMethodAccessorImpl.invoke(Unknown Source)
	at java.lang.reflect.Method.invoke(Unknown Source)
	at org.testng.internal.MethodInvocationHelper.invokeMethod(MethodInvocationHelper.java:85)
	at org.testng.internal.Invoker.invokeMethod(Invoker.java:659)
	at org.testng.internal.Invoker.invokeTestMethod(Invoker.java:845)
	at org.testng.internal.TestMethodWithDataProviderMethodWorker.call(TestMethodWithDataProviderMethodWorker.java:75)
	at org.testng.internal.TestMethodWithDataProviderMethodWorker.call(TestMethodWithDataProviderMethodWorker.java:14)
	at java.util.concurrent.FutureTask.run(Unknown Source)
	at java.util.concurrent.Executors$RunnableAdapter.call(Unknown Source)
	at java.util.concurrent.FutureTask.run(Unknown Source)
	at java.util.concurrent.ThreadPoolExecutor.runWorker(Unknown Source)
	at java.util.concurrent.ThreadPoolExecutor$Worker.run(Unknown Source)
	at java.lang.Thread.run(Unknown Source)
]]>
    </failure>
  </testcase> <!-- tcPUMADemo01 -->
  <testcase name="tcPUMADemo01" time="0.312" classname="com.puma.testscripts.Fluid_PUMA_Demo">
    <failure type="java.lang.NoClassDefFoundError" message="Could not initialize class com.ecom.support.StopWatch">
      <![CDATA[java.lang.NoClassDefFoundError: Could not initialize class com.ecom.support.StopWatch
	at com.ecom.support.WebDriverFactory.get(WebDriverFactory.java:200)
	at com.puma.testscripts.Fluid_PUMA_Demo.tcPUMADemo01(Fluid_PUMA_Demo.java:32)
	at sun.reflect.NativeMethodAccessorImpl.invoke0(Native Method)
	at sun.reflect.NativeMethodAccessorImpl.invoke(Unknown Source)
	at sun.reflect.DelegatingMethodAccessorImpl.invoke(Unknown Source)
	at java.lang.reflect.Method.invoke(Unknown Source)
	at org.testng.internal.MethodInvocationHelper.invokeMethod(MethodInvocationHelper.java:85)
	at org.testng.internal.Invoker.invokeMethod(Invoker.java:659)
	at org.testng.internal.Invoker.invokeTestMethod(Invoker.java:845)
	at org.testng.internal.TestMethodWithDataProviderMethodWorker.call(TestMethodWithDataProviderMethodWorker.java:75)
	at org.testng.internal.TestMethodWithDataProviderMethodWorker.call(TestMethodWithDataProviderMethodWorker.java:14)
	at java.util.concurrent.FutureTask.run(Unknown Source)
	at java.util.concurrent.Executors$RunnableAdapter.call(Unknown Source)
	at java.util.concurrent.FutureTask.run(Unknown Source)
	at java.util.concurrent.ThreadPoolExecutor.runWorker(Unknown Source)
	at java.util.concurrent.ThreadPoolExecutor$Worker.run(Unknown Source)
	at java.lang.Thread.run(Unknown Source)
]]>
    </failure>
  </testcase> <!-- tcPUMADemo01 -->
</testsuite> <!-- Default test -->
