<?xml version="1.0" encoding="UTF-8"?>
<!-- Generated by org.testng.reporters.JUnitXMLReporter -->
<testsuite hostname="aspire512" name="Fluid PUMA" tests="4" failures="2" timestamp="26 May 2016 06:50:46 GMT" time="723.389" errors="0">
  <testcase name="tcPUMADemo01" time="0.002" classname="com.puma.testscripts.Fluid_PUMA_Demo">
    <failure type="org.openqa.selenium.WebDriverException" message="Unable to connect to host 127.0.0.1 on port 7056 after 45000 ms. Firefox console output:

Command duration or timeout: 101.30 seconds
Build info: version: &amp;apos;2.51.0&amp;apos;, revision: &amp;apos;1af067dbcaedd7d2ab9af5151fc471d363d97193&amp;apos;, time: &amp;apos;2016-02-05 11:20:57&amp;apos;
System info: host: &amp;apos;aspire512&amp;apos;, ip: &amp;apos;172.24.166.109&amp;apos;, os.name: &amp;apos;Windows 7&amp;apos;, os.arch: &amp;apos;amd64&amp;apos;, os.version: &amp;apos;6.1&amp;apos;, java.version: &amp;apos;1.8.0_45&amp;apos;
Driver info: org.openqa.selenium.remote.RemoteWebDriver">
      <![CDATA[org.openqa.selenium.WebDriverException: Unable to connect to host 127.0.0.1 on port 7056 after 45000 ms. Firefox console output:

Command duration or timeout: 101.30 seconds
Build info: version: '2.51.0', revision: '1af067dbcaedd7d2ab9af5151fc471d363d97193', time: '2016-02-05 11:20:57'
System info: host: 'aspire512', ip: '172.24.166.109', os.name: 'Windows 7', os.arch: 'amd64', os.version: '6.1', java.version: '1.8.0_45'
Driver info: org.openqa.selenium.remote.RemoteWebDriver
	at sun.reflect.NativeConstructorAccessorImpl.newInstance0(Native Method)
	at sun.reflect.NativeConstructorAccessorImpl.newInstance(Unknown Source)
	at sun.reflect.DelegatingConstructorAccessorImpl.newInstance(Unknown Source)
	at java.lang.reflect.Constructor.newInstance(Unknown Source)
	at org.openqa.selenium.remote.ErrorHandler.createThrowable(ErrorHandler.java:206)
	at org.openqa.selenium.remote.ErrorHandler.throwIfResponseFailed(ErrorHandler.java:158)
	at org.openqa.selenium.remote.RemoteWebDriver.execute(RemoteWebDriver.java:678)
	at org.openqa.selenium.remote.RemoteWebDriver.startSession(RemoteWebDriver.java:249)
	at org.openqa.selenium.remote.RemoteWebDriver.<init>(RemoteWebDriver.java:131)
	at org.openqa.selenium.remote.RemoteWebDriver.<init>(RemoteWebDriver.java:158)
	at com.ecom.support.WebDriverFactory.get(WebDriverFactory.java:263)
	at com.puma.testscripts.Fluid_PUMA_Demo.tcPUMADemo01(Fluid_PUMA_Demo.java:32)
	at sun.reflect.NativeMethodAccessorImpl.invoke0(Native Method)
	at sun.reflect.NativeMethodAccessorImpl.invoke(Unknown Source)
	at sun.reflect.DelegatingMethodAccessorImpl.invoke(Unknown Source)
	at java.lang.reflect.Method.invoke(Unknown Source)
	at org.testng.internal.MethodInvocationHelper.invokeMethod(MethodInvocationHelper.java:84)
	at org.testng.internal.Invoker.invokeMethod(Invoker.java:714)
	at org.testng.internal.Invoker.invokeTestMethod(Invoker.java:901)
	at org.testng.internal.TestMethodWithDataProviderMethodWorker.call(TestMethodWithDataProviderMethodWorker.java:73)
	at org.testng.internal.TestMethodWithDataProviderMethodWorker.call(TestMethodWithDataProviderMethodWorker.java:14)
	at java.util.concurrent.FutureTask.run(Unknown Source)
	at java.util.concurrent.Executors$RunnableAdapter.call(Unknown Source)
	at java.util.concurrent.FutureTask.run(Unknown Source)
	at java.util.concurrent.ThreadPoolExecutor.runWorker(Unknown Source)
	at java.util.concurrent.ThreadPoolExecutor$Worker.run(Unknown Source)
	at java.lang.Thread.run(Unknown Source)
Caused by: org.openqa.selenium.remote.ErrorHandler$UnknownServerException: Unable to connect to host 127.0.0.1 on port 7056 after 45000 ms. Firefox console output:

Build info: version: '2.51.0', revision: '1af067dbcaedd7d2ab9af5151fc471d363d97193', time: '2016-02-05 11:20:57'
System info: host: 'aspire512', ip: '172.24.166.109', os.name: 'Windows 7', os.arch: 'amd64', os.version: '6.1', java.version: '1.8.0_45'
Driver info: driver.version: FirefoxDriver
	at org.openqa.selenium.firefox.internal.NewProfileExtensionConnection.start(NewProfileExtensionConnection.java:112)
	at org.openqa.selenium.firefox.FirefoxDriver.startClient(FirefoxDriver.java:271)
	at org.openqa.selenium.remote.RemoteWebDriver.<init>(RemoteWebDriver.java:119)
	at org.openqa.selenium.firefox.FirefoxDriver.<init>(FirefoxDriver.java:218)
	at org.openqa.selenium.firefox.FirefoxDriver.<init>(FirefoxDriver.java:211)
	at org.openqa.selenium.firefox.FirefoxDriver.<init>(FirefoxDriver.java:129)
	at sun.reflect.NativeConstructorAccessorImpl.newInstance0(Native Method)
	at sun.reflect.NativeConstructorAccessorImpl.newInstance(Unknown Source)
	at sun.reflect.DelegatingConstructorAccessorImpl.newInstance(Unknown Source)
	at java.lang.reflect.Constructor.newInstance(Unknown Source)
	at org.openqa.selenium.remote.server.FirefoxDriverProvider.callConstructor(FirefoxDriverProvider.java:91)
	at org.openqa.selenium.remote.server.FirefoxDriverProvider.newInstance(FirefoxDriverProvider.java:68)
	at org.openqa.selenium.remote.server.DefaultDriverFactory.newInstance(DefaultDriverFactory.java:60)
	at org.openqa.selenium.remote.server.DefaultSession$BrowserCreator.call(DefaultSession.java:222)
	at org.openqa.selenium.remote.server.DefaultSession$BrowserCreator.call(DefaultSession.java:1)
	at java.util.concurrent.FutureTask.run(Unknown Source)
	at org.openqa.selenium.remote.server.DefaultSession$1.run(DefaultSession.java:176)
	... 3 more
]]>
    </failure>
  </testcase> <!-- tcPUMADemo01 -->
  <testcase name="tcPUMADemo01" time="681.567" classname="com.puma.testscripts.Fluid_PUMA_Demo">
    <failure type="java.lang.AssertionError" message="Test Failed. Order Placed not available in Order Summary Page">
      <![CDATA[java.lang.AssertionError: Test Failed. Order Placed not available in Order Summary Page
	at org.testng.Assert.fail(Assert.java:94)
	at com.ecom.support.Log.fail(Log.java:594)
	at com.ecom.support.Log.assertThat(Log.java:777)
	at com.puma.testscripts.Fluid_PUMA_Demo.tcPUMADemo01(Fluid_PUMA_Demo.java:96)
	at sun.reflect.NativeMethodAccessorImpl.invoke0(Native Method)
	at sun.reflect.NativeMethodAccessorImpl.invoke(Unknown Source)
	at sun.reflect.DelegatingMethodAccessorImpl.invoke(Unknown Source)
	at java.lang.reflect.Method.invoke(Unknown Source)
	at org.testng.internal.MethodInvocationHelper.invokeMethod(MethodInvocationHelper.java:84)
	at org.testng.internal.Invoker.invokeMethod(Invoker.java:714)
	at org.testng.internal.Invoker.invokeTestMethod(Invoker.java:901)
	at org.testng.internal.TestMethodWithDataProviderMethodWorker.call(TestMethodWithDataProviderMethodWorker.java:73)
	at org.testng.internal.TestMethodWithDataProviderMethodWorker.call(TestMethodWithDataProviderMethodWorker.java:14)
	at java.util.concurrent.FutureTask.run(Unknown Source)
	at java.util.concurrent.Executors$RunnableAdapter.call(Unknown Source)
	at java.util.concurrent.FutureTask.run(Unknown Source)
	at java.util.concurrent.ThreadPoolExecutor.runWorker(Unknown Source)
	at java.util.concurrent.ThreadPoolExecutor$Worker.run(Unknown Source)
	at java.lang.Thread.run(Unknown Source)
]]>
    </failure>
  </testcase> <!-- tcPUMADemo01 -->
  <testcase name="tcPUMADemo01" time="681.726" classname="com.puma.testscripts.Fluid_PUMA_Demo"/>
  <testcase name="tcPUMADemo01" time="663.564" classname="com.puma.testscripts.Fluid_PUMA_Demo"/>
</testsuite> <!-- Fluid PUMA -->
