<?xml version="1.0" encoding="UTF-8"?>
<testng-results skipped="0" failed="0" total="1" passed="1">
  <reporter-output>
    <line>
      <![CDATA[<div class="test-event"> <font color="maroon"> <small> &emsp; &emsp;--- 18 Aug 14:35:24 008 - <b>0</b> - Driver::Get - com.SECFramework.support.WebDriverFactory.get(WebDriverFactory.java:326)</small> </font> </div>]]>
    </line>
    <line>
      <![CDATA[&emsp;<div class="test-title"> <strong><font size = "3" color = "#000080">Account Creation<small><b><i>[Chrome_windows || SEARSCA.DEMANDWARE.NET/ON/DEMANDWARE.STORE/SITES ]</b></i></small></font> </strong> </div>&emsp;<div><strong>Steps:</strong></div><!-- Report -->&emsp;]]>
    </line>
    <line>
      <![CDATA[<div class="test-event"> <font color="maroon"> <small> &emsp; &emsp;--- 18 Aug 14:35:26 490 - Page URL:: data:,</small> </font> </div>]]>
    </line>
    <line>
      <![CDATA[<div class="test-event"> <font color="maroon"> <small> &emsp; &emsp;--- 18 Aug 14:35:26 492 - <b>0</b> - Page Load Wait: (Sync) - com.SECFramework.support.Utils.waitForPageLoad(Utils.java:68)</small> </font> </div>]]>
    </line>
    <line>
      <![CDATA[<div class="test-event"> <font color="maroon"> <small> &emsp; &emsp;--- 18 Aug 14:35:30 961 - Page URL:: data:,</small> </font> </div>]]>
    </line>
    <line>
      <![CDATA[<div class="test-event"> <font color="maroon"> <small> &emsp; &emsp;--- 18 Aug 14:35:30 963 - <b>0</b> - Page Load Wait: (Sync) - com.SECFramework.support.Utils.waitForPageLoad(Utils.java:68)</small> </font> </div>]]>
    </line>
    <line>
      <![CDATA[<div class="test-event"> <font color="maroon"> <small> &emsp; &emsp;--- 18 Aug 14:35:51 515 - Element is displayed:: [[RemoteWebDriver: chrome on XP (1769d96a-f89a-47e0-be5b-61f1b77f6d41)] -> css selector: div[class*='top-nav'] svg[class*='search__icon']]</small> </font> </div>]]>
    </line>
    <line>
      <![CDATA[<div class="test-event"> <font color="maroon"> <small> &emsp; &emsp;--- 18 Aug 14:35:56 341 - Page URL:: https://development-initium-searsca.demandware.net/on/demandware.store/sites-searsca-site</small> </font> </div>]]>
    </line>
    <line>
      <![CDATA[<div class="test-event"> <font color="maroon"> <small> &emsp; &emsp;--- 18 Aug 14:35:56 347 - <b>0</b> - Page Load Wait: (Sync) - com.SECFramework.support.Utils.waitForPageLoad(Utils.java:68)</small> </font> </div>]]>
    </line>
    <line>
      <![CDATA[<div class="test-event"> <font color="maroon"> <small> &emsp; &emsp;--- 18 Aug 14:35:58 854 - Page URL:: https://development-initium-searsca.demandware.net/on/demandware.store/sites-searsca-site</small> </font> </div>]]>
    </line>
    <line>
      <![CDATA[<div class="test-event"> <font color="maroon"> <small> &emsp; &emsp;--- 18 Aug 14:35:58 856 - <b>0</b> - Page Load Wait: (Sync) - com.SECFramework.support.Utils.waitForPageLoad(Utils.java:68)</small> </font> </div>]]>
    </line>
    <line>
      <![CDATA[<div class="test-event"> <font color="maroon"> <small> &emsp; &emsp;--- 18 Aug 14:35:59 012 - Element is displayed:: [[RemoteWebDriver: chrome on XP (1769d96a-f89a-47e0-be5b-61f1b77f6d41)] -> css selector: div[class*='top-nav'] svg[class*='search__icon']]</small> </font> </div>]]>
    </line>
    <line>
      <![CDATA[<div class="test-message">&emsp;Step 1. Navigated to 'searsca.demandware.net/on/demandware.store/Sites' Home Page!</div>]]>
    </line>
    <line>
      <![CDATA[<div class="test-event"> <font color="maroon"> <small> &emsp; &emsp;--- 18 Aug 14:35:59 347 - Element is displayed:: [[RemoteWebDriver: chrome on XP (1769d96a-f89a-47e0-be5b-61f1b77f6d41)] -> css selector: div[class*='top-nav'] svg[class*='icon-account']]</small> </font> </div>]]>
    </line>
    <line>
      <![CDATA[<div class="test-event"> <font color="maroon"> <small> &emsp; &emsp;--- 18 Aug 14:35:59 673 - <b>0</b> - Clicked on the sign in link! - com.SECFramework.pages.HomePage.clickSignIn(HomePage.java:181)</small> </font> </div>]]>
    </line>
    <line>
      <![CDATA[<div class="test-message">&emsp;Step 2. My account pop up displayed&emsp;<a href=".\ScreenShot\tcAccountCreation_1.png" target="_blank" >[ScreenShot]</a></div>]]>
    </line>
    <line>
      <![CDATA[<div class="test-event"> <font color="maroon"> <small> &emsp; &emsp;--- 18 Aug 14:36:01 807 - Element is displayed:: [[RemoteWebDriver: chrome on XP (1769d96a-f89a-47e0-be5b-61f1b77f6d41)] -> css selector: div[class*='top-nav'] [title*='Register']]</small> </font> </div>]]>
    </line>
    <line>
      <![CDATA[<div class="test-event"> <font color="maroon"> <small> &emsp; &emsp;--- 18 Aug 14:36:06 136 - <b>0</b> - Clicked on the sign in link! - com.SECFramework.pages.HomePage.clickRegister(HomePage.java:194)</small> </font> </div>]]>
    </line>
    <line>
      <![CDATA[<div class="test-event"> <font color="maroon"> <small> &emsp; &emsp;--- 18 Aug 14:36:07 071 - Page URL:: https://development-initium-searsca.demandware.net/on/demandware.store/sites-searsca-site/default/account-startregister</small> </font> </div>]]>
    </line>
    <line>
      <![CDATA[<div class="test-event"> <font color="maroon"> <small> &emsp; &emsp;--- 18 Aug 14:36:07 073 - <b>0</b> - Page Load Wait: (Sync) - com.SECFramework.support.Utils.waitForPageLoad(Utils.java:68)</small> </font> </div>]]>
    </line>
    <line>
      <![CDATA[<div class="test-event"> <font color="maroon"> <small> &emsp; &emsp;--- 18 Aug 14:37:00 339 - Unable to find a element after 0 sec ==> Proxy element for: AjaxElementLocator 'By.cssSelector: div[class='breadcrumb']'</small> </font> </div>]]>
    </line>
    <line>
      <![CDATA[<div class="test-event"> <font color="maroon"> <small> &emsp; &emsp;--- 18 Aug 14:37:53 657 - Unable to find a element after 0 sec ==> Proxy element for: AjaxElementLocator 'By.cssSelector: div[class='breadcrumb']'</small> </font> </div>]]>
    </line>
    <line>
      <![CDATA[<div class="test-message">&emsp;Step 3. Navigated to account creation page!&emsp;<a href=".\ScreenShot\tcAccountCreation_2.png" target="_blank" >[ScreenShot]</a></div>]]>
    </line>
    <line>
      <![CDATA[<div class="test-event"> <font color="brown"> <small> &emsp; &emsp;--- 18 Aug 14:37:54 129 - <b>0</b> - Option not matched - please read Method document to pass correct form of parameter. Try: Type/Click/Select - com.SECFramework.reuseMethods.Account_Util.doAccountOperations(Account_Util.java:71)</small> </font> </div>]]>
    </line>
    <line>
      <![CDATA[<div class="test-event"> <font color="maroon"> <small> &emsp; &emsp;--- 18 Aug 14:37:54 880 - Page URL:: https://development-initium-searsca.demandware.net/on/demandware.store/sites-searsca-site/default/account-startregister</small> </font> </div>]]>
    </line>
    <line>
      <![CDATA[<div class="test-event"> <font color="maroon"> <small> &emsp; &emsp;--- 18 Aug 14:37:54 881 - <b>0</b> - Page Load Wait: (Sync) - com.SECFramework.support.Utils.waitForPageLoad(Utils.java:68)</small> </font> </div>]]>
    </line>
    <line>
      <![CDATA[<div class="test-event"> <font color="brown"> <small> &emsp; &emsp;--- 18 Aug 14:37:54 883 - <b>0</b> - Option not matched - please read Method document to pass correct form of parameter. Try: Type/Click/Select - com.SECFramework.reuseMethods.Account_Util.doAccountOperations(Account_Util.java:71)</small> </font> </div>]]>
    </line>
    <line>
      <![CDATA[<div class="test-event"> <font color="maroon"> <small> &emsp; &emsp;--- 18 Aug 14:37:55 417 - Page URL:: https://development-initium-searsca.demandware.net/on/demandware.store/sites-searsca-site/default/account-startregister</small> </font> </div>]]>
    </line>
    <line>
      <![CDATA[<div class="test-event"> <font color="maroon"> <small> &emsp; &emsp;--- 18 Aug 14:37:55 418 - <b>0</b> - Page Load Wait: (Sync) - com.SECFramework.support.Utils.waitForPageLoad(Utils.java:68)</small> </font> </div>]]>
    </line>
    <line>
      <![CDATA[<div class="test-event"> <font color="brown"> <small> &emsp; &emsp;--- 18 Aug 14:37:55 419 - <b>0</b> - Option not matched - please read Method document to pass correct form of parameter. Try: Type/Click/Select - com.SECFramework.reuseMethods.Account_Util.doAccountOperations(Account_Util.java:71)</small> </font> </div>]]>
    </line>
    <line>
      <![CDATA[<div class="test-event"> <font color="maroon"> <small> &emsp; &emsp;--- 18 Aug 14:37:56 021 - Page URL:: https://development-initium-searsca.demandware.net/on/demandware.store/sites-searsca-site/default/account-startregister</small> </font> </div>]]>
    </line>
    <line>
      <![CDATA[<div class="test-event"> <font color="maroon"> <small> &emsp; &emsp;--- 18 Aug 14:37:56 025 - <b>0</b> - Page Load Wait: (Sync) - com.SECFramework.support.Utils.waitForPageLoad(Utils.java:68)</small> </font> </div>]]>
    </line>
    <line>
      <![CDATA[<div class="test-event"> <font color="brown"> <small> &emsp; &emsp;--- 18 Aug 14:37:56 026 - <b>0</b> - Option not matched - please read Method document to pass correct form of parameter. Try: Type/Click/Select - com.SECFramework.reuseMethods.Account_Util.doAccountOperations(Account_Util.java:71)</small> </font> </div>]]>
    </line>
    <line>
      <![CDATA[<div class="test-event"> <font color="maroon"> <small> &emsp; &emsp;--- 18 Aug 14:37:56 902 - Page URL:: https://development-initium-searsca.demandware.net/on/demandware.store/sites-searsca-site/default/account-startregister</small> </font> </div>]]>
    </line>
    <line>
      <![CDATA[<div class="test-event"> <font color="maroon"> <small> &emsp; &emsp;--- 18 Aug 14:37:56 904 - <b>0</b> - Page Load Wait: (Sync) - com.SECFramework.support.Utils.waitForPageLoad(Utils.java:68)</small> </font> </div>]]>
    </line>
    <line>
      <![CDATA[<div class="test-event"> <font color="brown"> <small> &emsp; &emsp;--- 18 Aug 14:37:56 905 - <b>0</b> - Option not matched - please read Method document to pass correct form of parameter. Try: Type/Click/Select - com.SECFramework.reuseMethods.Account_Util.doAccountOperations(Account_Util.java:71)</small> </font> </div>]]>
    </line>
    <line>
      <![CDATA[<div class="test-event"> <font color="maroon"> <small> &emsp; &emsp;--- 18 Aug 14:37:57 675 - Page URL:: https://development-initium-searsca.demandware.net/on/demandware.store/sites-searsca-site/default/account-startregister</small> </font> </div>]]>
    </line>
    <line>
      <![CDATA[<div class="test-event"> <font color="maroon"> <small> &emsp; &emsp;--- 18 Aug 14:37:57 676 - <b>0</b> - Page Load Wait: (Sync) - com.SECFramework.support.Utils.waitForPageLoad(Utils.java:68)</small> </font> </div>]]>
    </line>
    <line>
      <![CDATA[<div class="test-event"> <font color="brown"> <small> &emsp; &emsp;--- 18 Aug 14:37:57 678 - <b>0</b> - Option not matched - please read Method document to pass correct form of parameter. Try: Type/Click/Select - com.SECFramework.reuseMethods.Account_Util.doAccountOperations(Account_Util.java:71)</small> </font> </div>]]>
    </line>
    <line>
      <![CDATA[<div class="test-event"> <font color="maroon"> <small> &emsp; &emsp;--- 18 Aug 14:37:58 293 - Page URL:: https://development-initium-searsca.demandware.net/on/demandware.store/sites-searsca-site/default/account-startregister</small> </font> </div>]]>
    </line>
    <line>
      <![CDATA[<div class="test-event"> <font color="maroon"> <small> &emsp; &emsp;--- 18 Aug 14:37:58 297 - <b>0</b> - Page Load Wait: (Sync) - com.SECFramework.support.Utils.waitForPageLoad(Utils.java:68)</small> </font> </div>]]>
    </line>
    <line>
      <![CDATA[<div class="test-event"> <font color="maroon"> <small> &emsp; &emsp;--- 18 Aug 14:37:58 417 - Element is displayed:: [[RemoteWebDriver: chrome on XP (1769d96a-f89a-47e0-be5b-61f1b77f6d41)] -> css selector: input[id='dwfrm_profile_customer_firstname']]</small> </font> </div>]]>
    </line>
    <line>
      <![CDATA[<div class="test-event"> <font color="maroon"> <small> &emsp; &emsp;--- 18 Aug 14:37:59 538 - Page URL:: https://development-initium-searsca.demandware.net/on/demandware.store/sites-searsca-site/default/account-startregister</small> </font> </div>]]>
    </line>
    <line>
      <![CDATA[<div class="test-event"> <font color="maroon"> <small> &emsp; &emsp;--- 18 Aug 14:37:59 539 - <b>0</b> - Page Load Wait: (Sync) - com.SECFramework.support.Utils.waitForPageLoad(Utils.java:68)</small> </font> </div>]]>
    </line>
    <line>
      <![CDATA[<div class="test-event"> <font color="maroon"> <small> &emsp; &emsp;--- 18 Aug 14:37:59 672 - Element is displayed:: [[RemoteWebDriver: chrome on XP (1769d96a-f89a-47e0-be5b-61f1b77f6d41)] -> css selector: input[id='dwfrm_profile_customer_lastname']]</small> </font> </div>]]>
    </line>
    <line>
      <![CDATA[<div class="test-event"> <font color="maroon"> <small> &emsp; &emsp;--- 18 Aug 14:38:01 506 - Page URL:: https://development-initium-searsca.demandware.net/on/demandware.store/sites-searsca-site/default/account-startregister</small> </font> </div>]]>
    </line>
    <line>
      <![CDATA[<div class="test-event"> <font color="maroon"> <small> &emsp; &emsp;--- 18 Aug 14:38:01 507 - <b>0</b> - Page Load Wait: (Sync) - com.SECFramework.support.Utils.waitForPageLoad(Utils.java:68)</small> </font> </div>]]>
    </line>
    <line>
      <![CDATA[<div class="test-event"> <font color="maroon"> <small> &emsp; &emsp;--- 18 Aug 14:38:01 611 - Element is displayed:: [[RemoteWebDriver: chrome on XP (1769d96a-f89a-47e0-be5b-61f1b77f6d41)] -> css selector: input[id='dwfrm_profile_customer_email']]</small> </font> </div>]]>
    </line>
    <line>
      <![CDATA[<div class="test-event"> <font color="maroon"> <small> &emsp; &emsp;--- 18 Aug 14:38:02 878 - Page URL:: https://development-initium-searsca.demandware.net/on/demandware.store/sites-searsca-site/default/account-startregister</small> </font> </div>]]>
    </line>
    <line>
      <![CDATA[<div class="test-event"> <font color="maroon"> <small> &emsp; &emsp;--- 18 Aug 14:38:02 884 - <b>0</b> - Page Load Wait: (Sync) - com.SECFramework.support.Utils.waitForPageLoad(Utils.java:68)</small> </font> </div>]]>
    </line>
    <line>
      <![CDATA[<div class="test-event"> <font color="maroon"> <small> &emsp; &emsp;--- 18 Aug 14:38:03 001 - Element is displayed:: [[RemoteWebDriver: chrome on XP (1769d96a-f89a-47e0-be5b-61f1b77f6d41)] -> css selector: input[id='dwfrm_profile_customer_emailconfirm']]</small> </font> </div>]]>
    </line>
    <line>
      <![CDATA[<div class="test-event"> <font color="maroon"> <small> &emsp; &emsp;--- 18 Aug 14:38:05 034 - Page URL:: https://development-initium-searsca.demandware.net/on/demandware.store/sites-searsca-site/default/account-startregister</small> </font> </div>]]>
    </line>
    <line>
      <![CDATA[<div class="test-event"> <font color="maroon"> <small> &emsp; &emsp;--- 18 Aug 14:38:05 036 - <b>0</b> - Page Load Wait: (Sync) - com.SECFramework.support.Utils.waitForPageLoad(Utils.java:68)</small> </font> </div>]]>
    </line>
    <line>
      <![CDATA[<div class="test-event"> <font color="maroon"> <small> &emsp; &emsp;--- 18 Aug 14:38:05 142 - Element is displayed:: [[RemoteWebDriver: chrome on XP (1769d96a-f89a-47e0-be5b-61f1b77f6d41)] -> css selector: input[id*='dwfrm_profile_login_password']]</small> </font> </div>]]>
    </line>
    <line>
      <![CDATA[<div class="test-event"> <font color="maroon"> <small> &emsp; &emsp;--- 18 Aug 14:38:05 969 - Page URL:: https://development-initium-searsca.demandware.net/on/demandware.store/sites-searsca-site/default/account-startregister</small> </font> </div>]]>
    </line>
    <line>
      <![CDATA[<div class="test-event"> <font color="maroon"> <small> &emsp; &emsp;--- 18 Aug 14:38:05 971 - <b>0</b> - Page Load Wait: (Sync) - com.SECFramework.support.Utils.waitForPageLoad(Utils.java:68)</small> </font> </div>]]>
    </line>
    <line>
      <![CDATA[<div class="test-event"> <font color="maroon"> <small> &emsp; &emsp;--- 18 Aug 14:38:06 203 - Element is displayed:: [[RemoteWebDriver: chrome on XP (1769d96a-f89a-47e0-be5b-61f1b77f6d41)] -> css selector: input[id*='dwfrm_profile_login_passwordconfirm']]</small> </font> </div>]]>
    </line>
    <line>
      <![CDATA[<div class="test-event"> <font color="maroon"> <small> &emsp; &emsp;--- 18 Aug 14:38:07 338 - Page URL:: https://development-initium-searsca.demandware.net/on/demandware.store/sites-searsca-site/default/account-startregister</small> </font> </div>]]>
    </line>
    <line>
      <![CDATA[<div class="test-event"> <font color="maroon"> <small> &emsp; &emsp;--- 18 Aug 14:38:07 339 - <b>0</b> - Page Load Wait: (Sync) - com.SECFramework.support.Utils.waitForPageLoad(Utils.java:68)</small> </font> </div>]]>
    </line>
    <line>
      <![CDATA[<div class="test-event"> <font color="maroon"> <small> &emsp; &emsp;--- 18 Aug 14:38:07 636 - Element is displayed:: [[RemoteWebDriver: chrome on XP (1769d96a-f89a-47e0-be5b-61f1b77f6d41)] -> css selector: [value='Apply']]</small> </font> </div>]]>
    </line>
    <line>
      <![CDATA[<div class="test-event"> <font color="maroon"> <small> &emsp; &emsp;--- 18 Aug 14:38:14 223 - Page URL:: https://development-initium-searsca.demandware.net/on/demandware.store/sites-searsca-site/default/account-show?registration=true</small> </font> </div>]]>
    </line>
    <line>
      <![CDATA[<div class="test-event"> <font color="maroon"> <small> &emsp; &emsp;--- 18 Aug 14:38:14 225 - <b>0</b> - Page Load Wait: (Sync) - com.SECFramework.support.Utils.waitForPageLoad(Utils.java:68)</small> </font> </div>]]>
    </line>
    <line>
      <![CDATA[<div class="test-message">&emsp;Step 4.Account has been successfully created!&emsp;<a href=".\ScreenShot\tcAccountCreation_3.png" target="_blank" >[ScreenShot]</a></div>]]>
    </line>
  </reporter-output>
  <suite name="Fluid PUMA PoC" duration-ms="197764" started-at="2016-08-18T09:05:02Z" finished-at="2016-08-18T09:08:19Z">
    <groups>
    </groups>
    <test name="Fluid PUMA" duration-ms="197764" started-at="2016-08-18T09:05:02Z" finished-at="2016-08-18T09:08:19Z">
      <class name="com.SECFramework.testscripts.SearsSmokeTC">
        <test-method status="PASS" signature="beforeSuite()[pri:0, instance:com.SECFramework.testscripts.SearsSmokeTC@60f82f98]" name="beforeSuite" is-config="true" duration-ms="1193" started-at="2016-08-18T14:35:00Z" finished-at="2016-08-18T14:35:02Z">
          <reporter-output>
          </reporter-output>
        </test-method> <!-- beforeSuite -->
        <test-method status="PASS" signature="beforeMethod()[pri:0, instance:com.SECFramework.testscripts.SearsSmokeTC@60f82f98]" name="beforeMethod" is-config="true" duration-ms="4" started-at="2016-08-18T14:35:02Z" finished-at="2016-08-18T14:35:02Z">
          <reporter-output>
          </reporter-output>
        </test-method> <!-- beforeMethod -->
        <test-method status="PASS" signature="tcAccountCreation(java.lang.String, java.lang.String)[pri:0, instance:com.SECFramework.testscripts.SearsSmokeTC@60f82f98]" name="tcAccountCreation" duration-ms="175824" started-at="2016-08-18T14:35:23Z" description="Account creation" data-provider="multiBrowserWebsites" finished-at="2016-08-18T14:38:19Z">
          <params>
            <param index="0">
              <value>
                <![CDATA[(Browser: chrome, Hub: aspire512, Node: LOCALHOST), chrome_XP]]>
              </value>
            </param>
            <param index="1">
              <value>
                <![CDATA[https://development-initium-searsca.demandware.net/on/demandware.store/Sites-SearsCA-Site]]>
              </value>
            </param>
          </params>
          <reporter-output>
            <line>
              <![CDATA[<div class="test-event"> <font color="maroon"> <small> &emsp; &emsp;--- 18 Aug 14:35:24 008 - <b>0</b> - Driver::Get - com.SECFramework.support.WebDriverFactory.get(WebDriverFactory.java:326)</small> </font> </div>]]>
            </line>
            <line>
              <![CDATA[&emsp;<div class="test-title"> <strong><font size = "3" color = "#000080">Account Creation<small><b><i>[Chrome_windows || SEARSCA.DEMANDWARE.NET/ON/DEMANDWARE.STORE/SITES ]</b></i></small></font> </strong> </div>&emsp;<div><strong>Steps:</strong></div><!-- Report -->&emsp;]]>
            </line>
            <line>
              <![CDATA[<div class="test-event"> <font color="maroon"> <small> &emsp; &emsp;--- 18 Aug 14:35:26 490 - Page URL:: data:,</small> </font> </div>]]>
            </line>
            <line>
              <![CDATA[<div class="test-event"> <font color="maroon"> <small> &emsp; &emsp;--- 18 Aug 14:35:26 492 - <b>0</b> - Page Load Wait: (Sync) - com.SECFramework.support.Utils.waitForPageLoad(Utils.java:68)</small> </font> </div>]]>
            </line>
            <line>
              <![CDATA[<div class="test-event"> <font color="maroon"> <small> &emsp; &emsp;--- 18 Aug 14:35:30 961 - Page URL:: data:,</small> </font> </div>]]>
            </line>
            <line>
              <![CDATA[<div class="test-event"> <font color="maroon"> <small> &emsp; &emsp;--- 18 Aug 14:35:30 963 - <b>0</b> - Page Load Wait: (Sync) - com.SECFramework.support.Utils.waitForPageLoad(Utils.java:68)</small> </font> </div>]]>
            </line>
            <line>
              <![CDATA[<div class="test-event"> <font color="maroon"> <small> &emsp; &emsp;--- 18 Aug 14:35:51 515 - Element is displayed:: [[RemoteWebDriver: chrome on XP (1769d96a-f89a-47e0-be5b-61f1b77f6d41)] -> css selector: div[class*='top-nav'] svg[class*='search__icon']]</small> </font> </div>]]>
            </line>
            <line>
              <![CDATA[<div class="test-event"> <font color="maroon"> <small> &emsp; &emsp;--- 18 Aug 14:35:56 341 - Page URL:: https://development-initium-searsca.demandware.net/on/demandware.store/sites-searsca-site</small> </font> </div>]]>
            </line>
            <line>
              <![CDATA[<div class="test-event"> <font color="maroon"> <small> &emsp; &emsp;--- 18 Aug 14:35:56 347 - <b>0</b> - Page Load Wait: (Sync) - com.SECFramework.support.Utils.waitForPageLoad(Utils.java:68)</small> </font> </div>]]>
            </line>
            <line>
              <![CDATA[<div class="test-event"> <font color="maroon"> <small> &emsp; &emsp;--- 18 Aug 14:35:58 854 - Page URL:: https://development-initium-searsca.demandware.net/on/demandware.store/sites-searsca-site</small> </font> </div>]]>
            </line>
            <line>
              <![CDATA[<div class="test-event"> <font color="maroon"> <small> &emsp; &emsp;--- 18 Aug 14:35:58 856 - <b>0</b> - Page Load Wait: (Sync) - com.SECFramework.support.Utils.waitForPageLoad(Utils.java:68)</small> </font> </div>]]>
            </line>
            <line>
              <![CDATA[<div class="test-event"> <font color="maroon"> <small> &emsp; &emsp;--- 18 Aug 14:35:59 012 - Element is displayed:: [[RemoteWebDriver: chrome on XP (1769d96a-f89a-47e0-be5b-61f1b77f6d41)] -> css selector: div[class*='top-nav'] svg[class*='search__icon']]</small> </font> </div>]]>
            </line>
            <line>
              <![CDATA[<div class="test-message">&emsp;Step 1. Navigated to 'searsca.demandware.net/on/demandware.store/Sites' Home Page!</div>]]>
            </line>
            <line>
              <![CDATA[<div class="test-event"> <font color="maroon"> <small> &emsp; &emsp;--- 18 Aug 14:35:59 347 - Element is displayed:: [[RemoteWebDriver: chrome on XP (1769d96a-f89a-47e0-be5b-61f1b77f6d41)] -> css selector: div[class*='top-nav'] svg[class*='icon-account']]</small> </font> </div>]]>
            </line>
            <line>
              <![CDATA[<div class="test-event"> <font color="maroon"> <small> &emsp; &emsp;--- 18 Aug 14:35:59 673 - <b>0</b> - Clicked on the sign in link! - com.SECFramework.pages.HomePage.clickSignIn(HomePage.java:181)</small> </font> </div>]]>
            </line>
            <line>
              <![CDATA[<div class="test-message">&emsp;Step 2. My account pop up displayed&emsp;<a href=".\ScreenShot\tcAccountCreation_1.png" target="_blank" >[ScreenShot]</a></div>]]>
            </line>
            <line>
              <![CDATA[<div class="test-event"> <font color="maroon"> <small> &emsp; &emsp;--- 18 Aug 14:36:01 807 - Element is displayed:: [[RemoteWebDriver: chrome on XP (1769d96a-f89a-47e0-be5b-61f1b77f6d41)] -> css selector: div[class*='top-nav'] [title*='Register']]</small> </font> </div>]]>
            </line>
            <line>
              <![CDATA[<div class="test-event"> <font color="maroon"> <small> &emsp; &emsp;--- 18 Aug 14:36:06 136 - <b>0</b> - Clicked on the sign in link! - com.SECFramework.pages.HomePage.clickRegister(HomePage.java:194)</small> </font> </div>]]>
            </line>
            <line>
              <![CDATA[<div class="test-event"> <font color="maroon"> <small> &emsp; &emsp;--- 18 Aug 14:36:07 071 - Page URL:: https://development-initium-searsca.demandware.net/on/demandware.store/sites-searsca-site/default/account-startregister</small> </font> </div>]]>
            </line>
            <line>
              <![CDATA[<div class="test-event"> <font color="maroon"> <small> &emsp; &emsp;--- 18 Aug 14:36:07 073 - <b>0</b> - Page Load Wait: (Sync) - com.SECFramework.support.Utils.waitForPageLoad(Utils.java:68)</small> </font> </div>]]>
            </line>
            <line>
              <![CDATA[<div class="test-event"> <font color="maroon"> <small> &emsp; &emsp;--- 18 Aug 14:37:00 339 - Unable to find a element after 0 sec ==> Proxy element for: AjaxElementLocator 'By.cssSelector: div[class='breadcrumb']'</small> </font> </div>]]>
            </line>
            <line>
              <![CDATA[<div class="test-event"> <font color="maroon"> <small> &emsp; &emsp;--- 18 Aug 14:37:53 657 - Unable to find a element after 0 sec ==> Proxy element for: AjaxElementLocator 'By.cssSelector: div[class='breadcrumb']'</small> </font> </div>]]>
            </line>
            <line>
              <![CDATA[<div class="test-message">&emsp;Step 3. Navigated to account creation page!&emsp;<a href=".\ScreenShot\tcAccountCreation_2.png" target="_blank" >[ScreenShot]</a></div>]]>
            </line>
            <line>
              <![CDATA[<div class="test-event"> <font color="brown"> <small> &emsp; &emsp;--- 18 Aug 14:37:54 129 - <b>0</b> - Option not matched - please read Method document to pass correct form of parameter. Try: Type/Click/Select - com.SECFramework.reuseMethods.Account_Util.doAccountOperations(Account_Util.java:71)</small> </font> </div>]]>
            </line>
            <line>
              <![CDATA[<div class="test-event"> <font color="maroon"> <small> &emsp; &emsp;--- 18 Aug 14:37:54 880 - Page URL:: https://development-initium-searsca.demandware.net/on/demandware.store/sites-searsca-site/default/account-startregister</small> </font> </div>]]>
            </line>
            <line>
              <![CDATA[<div class="test-event"> <font color="maroon"> <small> &emsp; &emsp;--- 18 Aug 14:37:54 881 - <b>0</b> - Page Load Wait: (Sync) - com.SECFramework.support.Utils.waitForPageLoad(Utils.java:68)</small> </font> </div>]]>
            </line>
            <line>
              <![CDATA[<div class="test-event"> <font color="brown"> <small> &emsp; &emsp;--- 18 Aug 14:37:54 883 - <b>0</b> - Option not matched - please read Method document to pass correct form of parameter. Try: Type/Click/Select - com.SECFramework.reuseMethods.Account_Util.doAccountOperations(Account_Util.java:71)</small> </font> </div>]]>
            </line>
            <line>
              <![CDATA[<div class="test-event"> <font color="maroon"> <small> &emsp; &emsp;--- 18 Aug 14:37:55 417 - Page URL:: https://development-initium-searsca.demandware.net/on/demandware.store/sites-searsca-site/default/account-startregister</small> </font> </div>]]>
            </line>
            <line>
              <![CDATA[<div class="test-event"> <font color="maroon"> <small> &emsp; &emsp;--- 18 Aug 14:37:55 418 - <b>0</b> - Page Load Wait: (Sync) - com.SECFramework.support.Utils.waitForPageLoad(Utils.java:68)</small> </font> </div>]]>
            </line>
            <line>
              <![CDATA[<div class="test-event"> <font color="brown"> <small> &emsp; &emsp;--- 18 Aug 14:37:55 419 - <b>0</b> - Option not matched - please read Method document to pass correct form of parameter. Try: Type/Click/Select - com.SECFramework.reuseMethods.Account_Util.doAccountOperations(Account_Util.java:71)</small> </font> </div>]]>
            </line>
            <line>
              <![CDATA[<div class="test-event"> <font color="maroon"> <small> &emsp; &emsp;--- 18 Aug 14:37:56 021 - Page URL:: https://development-initium-searsca.demandware.net/on/demandware.store/sites-searsca-site/default/account-startregister</small> </font> </div>]]>
            </line>
            <line>
              <![CDATA[<div class="test-event"> <font color="maroon"> <small> &emsp; &emsp;--- 18 Aug 14:37:56 025 - <b>0</b> - Page Load Wait: (Sync) - com.SECFramework.support.Utils.waitForPageLoad(Utils.java:68)</small> </font> </div>]]>
            </line>
            <line>
              <![CDATA[<div class="test-event"> <font color="brown"> <small> &emsp; &emsp;--- 18 Aug 14:37:56 026 - <b>0</b> - Option not matched - please read Method document to pass correct form of parameter. Try: Type/Click/Select - com.SECFramework.reuseMethods.Account_Util.doAccountOperations(Account_Util.java:71)</small> </font> </div>]]>
            </line>
            <line>
              <![CDATA[<div class="test-event"> <font color="maroon"> <small> &emsp; &emsp;--- 18 Aug 14:37:56 902 - Page URL:: https://development-initium-searsca.demandware.net/on/demandware.store/sites-searsca-site/default/account-startregister</small> </font> </div>]]>
            </line>
            <line>
              <![CDATA[<div class="test-event"> <font color="maroon"> <small> &emsp; &emsp;--- 18 Aug 14:37:56 904 - <b>0</b> - Page Load Wait: (Sync) - com.SECFramework.support.Utils.waitForPageLoad(Utils.java:68)</small> </font> </div>]]>
            </line>
            <line>
              <![CDATA[<div class="test-event"> <font color="brown"> <small> &emsp; &emsp;--- 18 Aug 14:37:56 905 - <b>0</b> - Option not matched - please read Method document to pass correct form of parameter. Try: Type/Click/Select - com.SECFramework.reuseMethods.Account_Util.doAccountOperations(Account_Util.java:71)</small> </font> </div>]]>
            </line>
            <line>
              <![CDATA[<div class="test-event"> <font color="maroon"> <small> &emsp; &emsp;--- 18 Aug 14:37:57 675 - Page URL:: https://development-initium-searsca.demandware.net/on/demandware.store/sites-searsca-site/default/account-startregister</small> </font> </div>]]>
            </line>
            <line>
              <![CDATA[<div class="test-event"> <font color="maroon"> <small> &emsp; &emsp;--- 18 Aug 14:37:57 676 - <b>0</b> - Page Load Wait: (Sync) - com.SECFramework.support.Utils.waitForPageLoad(Utils.java:68)</small> </font> </div>]]>
            </line>
            <line>
              <![CDATA[<div class="test-event"> <font color="brown"> <small> &emsp; &emsp;--- 18 Aug 14:37:57 678 - <b>0</b> - Option not matched - please read Method document to pass correct form of parameter. Try: Type/Click/Select - com.SECFramework.reuseMethods.Account_Util.doAccountOperations(Account_Util.java:71)</small> </font> </div>]]>
            </line>
            <line>
              <![CDATA[<div class="test-event"> <font color="maroon"> <small> &emsp; &emsp;--- 18 Aug 14:37:58 293 - Page URL:: https://development-initium-searsca.demandware.net/on/demandware.store/sites-searsca-site/default/account-startregister</small> </font> </div>]]>
            </line>
            <line>
              <![CDATA[<div class="test-event"> <font color="maroon"> <small> &emsp; &emsp;--- 18 Aug 14:37:58 297 - <b>0</b> - Page Load Wait: (Sync) - com.SECFramework.support.Utils.waitForPageLoad(Utils.java:68)</small> </font> </div>]]>
            </line>
            <line>
              <![CDATA[<div class="test-event"> <font color="maroon"> <small> &emsp; &emsp;--- 18 Aug 14:37:58 417 - Element is displayed:: [[RemoteWebDriver: chrome on XP (1769d96a-f89a-47e0-be5b-61f1b77f6d41)] -> css selector: input[id='dwfrm_profile_customer_firstname']]</small> </font> </div>]]>
            </line>
            <line>
              <![CDATA[<div class="test-event"> <font color="maroon"> <small> &emsp; &emsp;--- 18 Aug 14:37:59 538 - Page URL:: https://development-initium-searsca.demandware.net/on/demandware.store/sites-searsca-site/default/account-startregister</small> </font> </div>]]>
            </line>
            <line>
              <![CDATA[<div class="test-event"> <font color="maroon"> <small> &emsp; &emsp;--- 18 Aug 14:37:59 539 - <b>0</b> - Page Load Wait: (Sync) - com.SECFramework.support.Utils.waitForPageLoad(Utils.java:68)</small> </font> </div>]]>
            </line>
            <line>
              <![CDATA[<div class="test-event"> <font color="maroon"> <small> &emsp; &emsp;--- 18 Aug 14:37:59 672 - Element is displayed:: [[RemoteWebDriver: chrome on XP (1769d96a-f89a-47e0-be5b-61f1b77f6d41)] -> css selector: input[id='dwfrm_profile_customer_lastname']]</small> </font> </div>]]>
            </line>
            <line>
              <![CDATA[<div class="test-event"> <font color="maroon"> <small> &emsp; &emsp;--- 18 Aug 14:38:01 506 - Page URL:: https://development-initium-searsca.demandware.net/on/demandware.store/sites-searsca-site/default/account-startregister</small> </font> </div>]]>
            </line>
            <line>
              <![CDATA[<div class="test-event"> <font color="maroon"> <small> &emsp; &emsp;--- 18 Aug 14:38:01 507 - <b>0</b> - Page Load Wait: (Sync) - com.SECFramework.support.Utils.waitForPageLoad(Utils.java:68)</small> </font> </div>]]>
            </line>
            <line>
              <![CDATA[<div class="test-event"> <font color="maroon"> <small> &emsp; &emsp;--- 18 Aug 14:38:01 611 - Element is displayed:: [[RemoteWebDriver: chrome on XP (1769d96a-f89a-47e0-be5b-61f1b77f6d41)] -> css selector: input[id='dwfrm_profile_customer_email']]</small> </font> </div>]]>
            </line>
            <line>
              <![CDATA[<div class="test-event"> <font color="maroon"> <small> &emsp; &emsp;--- 18 Aug 14:38:02 878 - Page URL:: https://development-initium-searsca.demandware.net/on/demandware.store/sites-searsca-site/default/account-startregister</small> </font> </div>]]>
            </line>
            <line>
              <![CDATA[<div class="test-event"> <font color="maroon"> <small> &emsp; &emsp;--- 18 Aug 14:38:02 884 - <b>0</b> - Page Load Wait: (Sync) - com.SECFramework.support.Utils.waitForPageLoad(Utils.java:68)</small> </font> </div>]]>
            </line>
            <line>
              <![CDATA[<div class="test-event"> <font color="maroon"> <small> &emsp; &emsp;--- 18 Aug 14:38:03 001 - Element is displayed:: [[RemoteWebDriver: chrome on XP (1769d96a-f89a-47e0-be5b-61f1b77f6d41)] -> css selector: input[id='dwfrm_profile_customer_emailconfirm']]</small> </font> </div>]]>
            </line>
            <line>
              <![CDATA[<div class="test-event"> <font color="maroon"> <small> &emsp; &emsp;--- 18 Aug 14:38:05 034 - Page URL:: https://development-initium-searsca.demandware.net/on/demandware.store/sites-searsca-site/default/account-startregister</small> </font> </div>]]>
            </line>
            <line>
              <![CDATA[<div class="test-event"> <font color="maroon"> <small> &emsp; &emsp;--- 18 Aug 14:38:05 036 - <b>0</b> - Page Load Wait: (Sync) - com.SECFramework.support.Utils.waitForPageLoad(Utils.java:68)</small> </font> </div>]]>
            </line>
            <line>
              <![CDATA[<div class="test-event"> <font color="maroon"> <small> &emsp; &emsp;--- 18 Aug 14:38:05 142 - Element is displayed:: [[RemoteWebDriver: chrome on XP (1769d96a-f89a-47e0-be5b-61f1b77f6d41)] -> css selector: input[id*='dwfrm_profile_login_password']]</small> </font> </div>]]>
            </line>
            <line>
              <![CDATA[<div class="test-event"> <font color="maroon"> <small> &emsp; &emsp;--- 18 Aug 14:38:05 969 - Page URL:: https://development-initium-searsca.demandware.net/on/demandware.store/sites-searsca-site/default/account-startregister</small> </font> </div>]]>
            </line>
            <line>
              <![CDATA[<div class="test-event"> <font color="maroon"> <small> &emsp; &emsp;--- 18 Aug 14:38:05 971 - <b>0</b> - Page Load Wait: (Sync) - com.SECFramework.support.Utils.waitForPageLoad(Utils.java:68)</small> </font> </div>]]>
            </line>
            <line>
              <![CDATA[<div class="test-event"> <font color="maroon"> <small> &emsp; &emsp;--- 18 Aug 14:38:06 203 - Element is displayed:: [[RemoteWebDriver: chrome on XP (1769d96a-f89a-47e0-be5b-61f1b77f6d41)] -> css selector: input[id*='dwfrm_profile_login_passwordconfirm']]</small> </font> </div>]]>
            </line>
            <line>
              <![CDATA[<div class="test-event"> <font color="maroon"> <small> &emsp; &emsp;--- 18 Aug 14:38:07 338 - Page URL:: https://development-initium-searsca.demandware.net/on/demandware.store/sites-searsca-site/default/account-startregister</small> </font> </div>]]>
            </line>
            <line>
              <![CDATA[<div class="test-event"> <font color="maroon"> <small> &emsp; &emsp;--- 18 Aug 14:38:07 339 - <b>0</b> - Page Load Wait: (Sync) - com.SECFramework.support.Utils.waitForPageLoad(Utils.java:68)</small> </font> </div>]]>
            </line>
            <line>
              <![CDATA[<div class="test-event"> <font color="maroon"> <small> &emsp; &emsp;--- 18 Aug 14:38:07 636 - Element is displayed:: [[RemoteWebDriver: chrome on XP (1769d96a-f89a-47e0-be5b-61f1b77f6d41)] -> css selector: [value='Apply']]</small> </font> </div>]]>
            </line>
            <line>
              <![CDATA[<div class="test-event"> <font color="maroon"> <small> &emsp; &emsp;--- 18 Aug 14:38:14 223 - Page URL:: https://development-initium-searsca.demandware.net/on/demandware.store/sites-searsca-site/default/account-show?registration=true</small> </font> </div>]]>
            </line>
            <line>
              <![CDATA[<div class="test-event"> <font color="maroon"> <small> &emsp; &emsp;--- 18 Aug 14:38:14 225 - <b>0</b> - Page Load Wait: (Sync) - com.SECFramework.support.Utils.waitForPageLoad(Utils.java:68)</small> </font> </div>]]>
            </line>
            <line>
              <![CDATA[<div class="test-message">&emsp;Step 4.Account has been successfully created!&emsp;<a href=".\ScreenShot\tcAccountCreation_3.png" target="_blank" >[ScreenShot]</a></div>]]>
            </line>
          </reporter-output>
        </test-method> <!-- tcAccountCreation -->
        <test-method status="PASS" signature="afterMethod(org.testng.ITestContext)[pri:0, instance:com.SECFramework.testscripts.SearsSmokeTC@60f82f98]" name="afterMethod" is-config="true" duration-ms="2" started-at="2016-08-18T14:38:19Z" finished-at="2016-08-18T14:38:19Z">
          <params>
            <param index="0">
              <value>
                <![CDATA[org.testng.TestRunner@4450d156]]>
              </value>
            </param>
          </params>
          <reporter-output>
          </reporter-output>
        </test-method> <!-- afterMethod -->
        <test-method status="PASS" signature="afterSuite()[pri:0, instance:com.SECFramework.testscripts.SearsSmokeTC@60f82f98]" name="afterSuite" is-config="true" duration-ms="1926" started-at="2016-08-18T14:38:19Z" finished-at="2016-08-18T14:38:21Z">
          <reporter-output>
          </reporter-output>
        </test-method> <!-- afterSuite -->
      </class> <!-- com.SECFramework.testscripts.SearsSmokeTC -->
    </test> <!-- Fluid PUMA -->
  </suite> <!-- Fluid PUMA PoC -->
</testng-results>
