<?xml version="1.0" encoding="UTF-8"?>
<testng-results skipped="0" failed="2" total="4" passed="2">
  <reporter-output>
    <line>
      <![CDATA[&emsp;<div class="test-title"> <strong><font size = "3" color = "#000080">PUMA PoC - End To End Scenario<small><b><i>[Chrome_Windows || PUMA ]</b></i></small></font> </strong> </div>&emsp;<div><strong>Steps:</strong></div><!-- Report -->&emsp;]]>
    </line>
    <line>
      <![CDATA[&emsp;<div class="test-title"> <strong><font size = "3" color = "#000080">PUMA PoC - End To End Scenario<small><b><i>[Chrome_Windows || PUMA ]</b></i></small></font> </strong> </div>&emsp;<div><strong>Steps:</strong></div><!-- Report -->&emsp;]]>
    </line>
    <line>
      <![CDATA[<div class="test-event"> <font color="maroon"> <small> &emsp; &emsp;--- 26 May 12:09:29 779 - Page URL:: data:,</small> </font> </div>]]>
    </line>
    <line>
      <![CDATA[<div class="test-event"> <font color="maroon"> <small> &emsp; &emsp;--- 26 May 12:09:29 821 - Page URL:: data:,</small> </font> </div>]]>
    </line>
    <line>
      <![CDATA[&emsp;<div class="test-title"> <strong><font size = "3" color = "#000080">PUMA PoC - End To End Scenario<small><b><i>[Firefox_Windows || PUMA ]</b></i></small></font> </strong> </div>&emsp;<div><strong>Steps:</strong></div><!-- Report -->&emsp;]]>
    </line>
    <line>
      <![CDATA[<div class="test-event"> <font color="maroon"> <small> &emsp; &emsp;--- 26 May 12:10:01 751 - Page URL:: https://go.skype.com/skype.extension.faq</small> </font> </div>]]>
    </line>
    <line>
      <![CDATA[<div class="test-event"> <font color="maroon"> <small> &emsp; &emsp;--- 26 May 12:10:23 433 - Page URL:: https://storefront:puma123@development.eu.puma.com/</small> </font> </div>]]>
    </line>
    <line>
      <![CDATA[<div class="test-event"> <font color="maroon"> <small> &emsp; &emsp;--- 26 May 12:10:23 916 - Page URL:: https://storefront:puma123@development.eu.puma.com/</small> </font> </div>]]>
    </line>
    <line>
      <![CDATA[<div class="test-event"> <font color="maroon"> <small> &emsp; &emsp;--- 26 May 12:10:25 465 - Element is displayed:: [[RemoteWebDriver: chrome on XP (2bcb4867-48f3-4365-82f9-511948315337)] -> css selector: form[role='search'] button[type='submit']]</small> </font> </div>]]>
    </line>
    <line>
      <![CDATA[<div class="test-event"> <font color="maroon"> <small> &emsp; &emsp;--- 26 May 12:10:25 507 - Element is displayed:: [[RemoteWebDriver: chrome on XP (816a3392-6c40-4881-9cb3-be4512aee624)] -> css selector: form[role='search'] button[type='submit']]</small> </font> </div>]]>
    </line>
    <line>
      <![CDATA[<div class="test-event"> <font color="maroon"> <small> &emsp; &emsp;--- 26 May 12:10:36 358 - Page URL:: https://storefront:puma123@development.eu.puma.com/</small> </font> </div>]]>
    </line>
    <line>
      <![CDATA[<div class="test-event"> <font color="maroon"> <small> &emsp; &emsp;--- 26 May 12:10:36 410 - Page URL:: https://storefront:puma123@development.eu.puma.com/</small> </font> </div>]]>
    </line>
    <line>
      <![CDATA[<div class="test-event"> <font color="maroon"> <small> &emsp; &emsp;--- 26 May 12:10:44 451 - Page URL:: https://storefront:puma123@development.eu.puma.com/</small> </font> </div>]]>
    </line>
    <line>
      <![CDATA[<div class="test-event"> <font color="maroon"> <small> &emsp; &emsp;--- 26 May 12:10:44 796 - Element is displayed:: [[RemoteWebDriver: chrome on XP (2bcb4867-48f3-4365-82f9-511948315337)] -> css selector: form[role='search'] button[type='submit']]</small> </font> </div>]]>
    </line>
    <line>
      <![CDATA[<div class="test-message">&emsp;Step 1. Navigated to 'PUMA' Home Page!</div>]]>
    </line>
    <line>
      <![CDATA[<div class="test-event"> <font color="maroon"> <small> &emsp; &emsp;--- 26 May 12:10:45 711 - Element is displayed:: [[RemoteWebDriver: chrome on XP (2bcb4867-48f3-4365-82f9-511948315337)] -> css selector: input[name='q']]</small> </font> </div>]]>
    </line>
    <line>
      <![CDATA[<div class="test-event"> <font color="maroon"> <small> &emsp; &emsp;--- 26 May 12:10:46 101 - Page URL:: https://storefront:puma123@development.eu.puma.com/</small> </font> </div>]]>
    </line>
    <line>
      <![CDATA[<div class="test-event"> <font color="maroon"> <small> &emsp; &emsp;--- 26 May 12:10:46 587 - Element is displayed:: [[RemoteWebDriver: chrome on XP (816a3392-6c40-4881-9cb3-be4512aee624)] -> css selector: form[role='search'] button[type='submit']]</small> </font> </div>]]>
    </line>
    <line>
      <![CDATA[<div class="test-message">&emsp;Step 1. Navigated to 'PUMA' Home Page!</div>]]>
    </line>
    <line>
      <![CDATA[<div class="test-event"> <font color="maroon"> <small> &emsp; &emsp;--- 26 May 12:10:46 961 - Element is displayed:: [[RemoteWebDriver: chrome on XP (816a3392-6c40-4881-9cb3-be4512aee624)] -> css selector: input[name='q']]</small> </font> </div>]]>
    </line>
    <line>
      <![CDATA[<div class="test-event"> <font color="maroon"> <small> &emsp; &emsp;--- 26 May 12:10:48 179 - Element is displayed:: [[RemoteWebDriver: chrome on XP (2bcb4867-48f3-4365-82f9-511948315337)] -> css selector: form[role='search'] button[type='submit']]</small> </font> </div>]]>
    </line>
    <line>
      <![CDATA[<div class="test-event"> <font color="maroon"> <small> &emsp; &emsp;--- 26 May 12:10:48 589 - Element is displayed:: [[RemoteWebDriver: chrome on XP (816a3392-6c40-4881-9cb3-be4512aee624)] -> css selector: form[role='search'] button[type='submit']]</small> </font> </div>]]>
    </line>
    <line>
      <![CDATA[<div class="test-event"> <font color="maroon"> <small> &emsp; &emsp;--- 26 May 12:11:17 177 - Page URL:: https://development.eu.puma.com/</small> </font> </div>]]>
    </line>
    <line>
      <![CDATA[<div class="test-event"> <font color="maroon"> <small> &emsp; &emsp;--- 26 May 12:11:17 480 - Element is displayed:: [[RemoteWebDriver: firefox on WINDOWS (c7ef469f-1592-4fa3-9ee4-28cd2c56141d)] -> css selector: form[role='search'] button[type='submit']]</small> </font> </div>]]>
    </line>
    <line>
      <![CDATA[<div class="test-event"> <font color="maroon"> <small> &emsp; &emsp;--- 26 May 12:11:23 334 - Page URL:: https://development.eu.puma.com/</small> </font> </div>]]>
    </line>
    <line>
      <![CDATA[<div class="test-event"> <font color="maroon"> <small> &emsp; &emsp;--- 26 May 12:11:28 208 - Page URL:: https://development.eu.puma.com/</small> </font> </div>]]>
    </line>
    <line>
      <![CDATA[<div class="test-event"> <font color="maroon"> <small> &emsp; &emsp;--- 26 May 12:11:28 342 - Element is displayed:: [[RemoteWebDriver: firefox on WINDOWS (c7ef469f-1592-4fa3-9ee4-28cd2c56141d)] -> css selector: form[role='search'] button[type='submit']]</small> </font> </div>]]>
    </line>
    <line>
      <![CDATA[<div class="test-message">&emsp;Step 1. Navigated to 'PUMA' Home Page!</div>]]>
    </line>
    <line>
      <![CDATA[<div class="test-event"> <font color="maroon"> <small> &emsp; &emsp;--- 26 May 12:11:28 507 - Element is displayed:: [[RemoteWebDriver: firefox on WINDOWS (c7ef469f-1592-4fa3-9ee4-28cd2c56141d)] -> css selector: input[name='q']]</small> </font> </div>]]>
    </line>
    <line>
      <![CDATA[<div class="test-event"> <font color="maroon"> <small> &emsp; &emsp;--- 26 May 12:11:29 276 - Element is displayed:: [[RemoteWebDriver: firefox on WINDOWS (c7ef469f-1592-4fa3-9ee4-28cd2c56141d)] -> css selector: form[role='search'] button[type='submit']]</small> </font> </div>]]>
    </line>
    <line>
      <![CDATA[<div class="test-event"> <font color="maroon"> <small> &emsp; &emsp;--- 26 May 12:11:43 843 - Page URL:: http://development.eu.puma.com/en/search?q=shoes</small> </font> </div>]]>
    </line>
    <line>
      <![CDATA[<div class="test-event"> <font color="maroon"> <small> &emsp; &emsp;--- 26 May 12:11:44 363 - Element is displayed:: [[RemoteWebDriver: chrome on XP (816a3392-6c40-4881-9cb3-be4512aee624)] -> css selector: ul[id='search-result-items'] li[class*='grid-tile']]</small> </font> </div>]]>
    </line>
    <line>
      <![CDATA[<div class="test-event"> <font color="maroon"> <small> &emsp; &emsp;--- 26 May 12:11:44 565 - Element is displayed:: [[RemoteWebDriver: chrome on XP (816a3392-6c40-4881-9cb3-be4512aee624)] -> css selector: ul[id='search-result-items'] li[class*='grid-tile']]</small> </font> </div>]]>
    </line>
    <line>
      <![CDATA[<div class="test-message">&emsp;Step 2. Searched Product SKU: Shoes!</div>]]>
    </line>
    <line>
      <![CDATA[<div class="test-event"> <font color="maroon"> <small> &emsp; &emsp;--- 26 May 12:12:25 326 - Page URL:: http://development.eu.puma.com/en/search?q=shoes</small> </font> </div>]]>
    </line>
    <line>
      <![CDATA[<div class="test-event"> <font color="maroon"> <small> &emsp; &emsp;--- 26 May 12:12:25 608 - Element is displayed:: [[RemoteWebDriver: firefox on WINDOWS (c7ef469f-1592-4fa3-9ee4-28cd2c56141d)] -> css selector: ul[id='search-result-items'] li[class*='grid-tile']]</small> </font> </div>]]>
    </line>
    <line>
      <![CDATA[<div class="test-event"> <font color="maroon"> <small> &emsp; &emsp;--- 26 May 12:12:26 094 - Element is displayed:: [[RemoteWebDriver: firefox on WINDOWS (c7ef469f-1592-4fa3-9ee4-28cd2c56141d)] -> css selector: ul[id='search-result-items'] li[class*='grid-tile']]</small> </font> </div>]]>
    </line>
    <line>
      <![CDATA[<div class="test-message">&emsp;Step 2. Searched Product SKU: Shoes!</div>]]>
    </line>
    <line>
      <![CDATA[<div class="test-event"> <font color="maroon"> <small> &emsp; &emsp;--- 26 May 12:12:39 010 - Page URL:: http://development.eu.puma.com/en/search?q=shoes</small> </font> </div>]]>
    </line>
    <line>
      <![CDATA[<div class="test-event"> <font color="maroon"> <small> &emsp; &emsp;--- 26 May 12:12:39 365 - Element is displayed:: [[RemoteWebDriver: chrome on XP (2bcb4867-48f3-4365-82f9-511948315337)] -> css selector: ul[id='search-result-items'] li[class*='grid-tile']]</small> </font> </div>]]>
    </line>
    <line>
      <![CDATA[<div class="test-event"> <font color="maroon"> <small> &emsp; &emsp;--- 26 May 12:12:39 618 - Element is displayed:: [[RemoteWebDriver: chrome on XP (2bcb4867-48f3-4365-82f9-511948315337)] -> css selector: ul[id='search-result-items'] li[class*='grid-tile']]</small> </font> </div>]]>
    </line>
    <line>
      <![CDATA[<div class="test-message">&emsp;Step 2. Searched Product SKU: Shoes!</div>]]>
    </line>
    <line>
      <![CDATA[<div class="test-event"> <font color="maroon"> <small> &emsp; &emsp;--- 26 May 12:13:35 240 - Page URL:: http://development.eu.puma.com/en/pd/suede-tricks-kids%e2%80%99-trainers/361129.html?dwvar_361129_color=black-pink%20glo#q=shoes&start=1</small> </font> </div>]]>
    </line>
    <line>
      <![CDATA[<div class="test-event"> <font color="maroon"> <small> &emsp; &emsp;--- 26 May 12:13:41 495 - Page URL:: http://development.eu.puma.com/en/pd/suede-tricks-kids%e2%80%99-trainers/361129.html?dwvar_361129_color=black-pink%20glo#q=shoes&start=1</small> </font> </div>]]>
    </line>
    <line>
      <![CDATA[<div class="test-event"> <font color="maroon"> <small> &emsp; &emsp;--- 26 May 12:13:46 548 - Page URL:: http://development.eu.puma.com/en/pd/suede-tricks-kids%e2%80%99-trainers/361129.html?dwvar_361129_color=black-pink%20glo#q=shoes&start=1</small> </font> </div>]]>
    </line>
    <line>
      <![CDATA[<div class="test-event"> <font color="maroon"> <small> &emsp; &emsp;--- 26 May 12:13:49 458 - Page URL:: http://development.eu.puma.com/en/pd/suede-tricks-kids%e2%80%99-trainers/361129.html?dwvar_361129_color=black-pink%20glo#q=shoes&start=1</small> </font> </div>]]>
    </line>
    <line>
      <![CDATA[<div class="test-event"> <font color="maroon"> <small> &emsp; &emsp;--- 26 May 12:13:54 187 - Page URL:: http://development.eu.puma.com/en/pd/suede-tricks-kids%e2%80%99-trainers/361129.html?dwvar_361129_color=black-pink%20glo#q=shoes&start=1</small> </font> </div>]]>
    </line>
    <line>
      <![CDATA[<div class="test-event"> <font color="maroon"> <small> &emsp; &emsp;--- 26 May 12:13:54 445 - Element is displayed:: [[RemoteWebDriver: firefox on WINDOWS (c7ef469f-1592-4fa3-9ee4-28cd2c56141d)] -> css selector: button[id='add-to-cart']]</small> </font> </div>]]>
    </line>
    <line>
      <![CDATA[<div class="test-event"> <font color="maroon"> <small> &emsp; &emsp;--- 26 May 12:13:54 933 - Element is displayed:: [[RemoteWebDriver: firefox on WINDOWS (c7ef469f-1592-4fa3-9ee4-28cd2c56141d)] -> css selector: div[class='mini-cart-total']]</small> </font> </div>]]>
    </line>
    <line>
      <![CDATA[<div class="test-message">&emsp;Step 3. Added Item to the Bag [Name: SUEDE TRICKS KIDS’ TRAINERS | SKU: 361129_01]</div>]]>
    </line>
    <line>
      <![CDATA[<div class="test-event"> <font color="maroon"> <small> &emsp; &emsp;--- 26 May 12:13:55 361 - Element is displayed:: [[RemoteWebDriver: firefox on WINDOWS (c7ef469f-1592-4fa3-9ee4-28cd2c56141d)] -> css selector: div[class='mini-cart-total']]</small> </font> </div>]]>
    </line>
    <line>
      <![CDATA[<div class="test-event"> <font color="maroon"> <small> &emsp; &emsp;--- 26 May 12:14:27 120 - Page URL:: https://development.eu.puma.com/en/cart</small> </font> </div>]]>
    </line>
    <line>
      <![CDATA[<div class="test-event"> <font color="maroon"> <small> &emsp; &emsp;--- 26 May 12:14:27 476 - Element is displayed:: [[RemoteWebDriver: firefox on WINDOWS (c7ef469f-1592-4fa3-9ee4-28cd2c56141d)] -> css selector: form[id='cart-items-form']]</small> </font> </div>]]>
    </line>
    <line>
      <![CDATA[<div class="test-event"> <font color="maroon"> <small> &emsp; &emsp;--- 26 May 12:14:27 916 - Element is displayed:: [[RemoteWebDriver: firefox on WINDOWS (c7ef469f-1592-4fa3-9ee4-28cd2c56141d)] -> css selector: form[id='cart-items-form']]</small> </font> </div>]]>
    </line>
    <line>
      <![CDATA[<div class="test-message">&emsp;Step 4. Navigated to Shopping Bag Page!</div>]]>
    </line>
    <line>
      <![CDATA[<div class="test-event"> <font color="maroon"> <small> &emsp; &emsp;--- 26 May 12:14:30 442 - Page URL:: https://development.eu.puma.com/en/cart</small> </font> </div>]]>
    </line>
    <line>
      <![CDATA[<div class="test-event"> <font color="maroon"> <small> &emsp; &emsp;--- 26 May 12:14:30 675 - Element is displayed:: [[RemoteWebDriver: firefox on WINDOWS (c7ef469f-1592-4fa3-9ee4-28cd2c56141d)] -> css selector: div[class*='cart-footer'] button[name*='checkoutCart']]</small> </font> </div>]]>
    </line>
    <line>
      <![CDATA[<div class="test-event"> <font color="maroon"> <small> &emsp; &emsp;--- 26 May 12:14:55 507 - Page URL:: https://development.eu.puma.com/en/checkout/start</small> </font> </div>]]>
    </line>
    <line>
      <![CDATA[<div class="test-event"> <font color="maroon"> <small> &emsp; &emsp;--- 26 May 12:14:56 136 - Element is displayed:: [[RemoteWebDriver: firefox on WINDOWS (c7ef469f-1592-4fa3-9ee4-28cd2c56141d)] -> css selector: button[name*='login']]</small> </font> </div>]]>
    </line>
    <line>
      <![CDATA[<div class="test-event"> <font color="maroon"> <small> &emsp; &emsp;--- 26 May 12:14:56 951 - Element is displayed:: [[RemoteWebDriver: firefox on WINDOWS (c7ef469f-1592-4fa3-9ee4-28cd2c56141d)] -> css selector: button[name*='login']]</small> </font> </div>]]>
    </line>
    <line>
      <![CDATA[<div class="test-message">&emsp;Step 5. Navigated to Checkout Page!</div>]]>
    </line>
    <line>
      <![CDATA[<div class="test-event"> <font color="maroon"> <small> &emsp; &emsp;--- 26 May 12:14:59 408 - Element is displayed:: [[RemoteWebDriver: firefox on WINDOWS (c7ef469f-1592-4fa3-9ee4-28cd2c56141d)] -> css selector: button[name*='unregistered']]</small> </font> </div>]]>
    </line>
    <line>
      <![CDATA[<div class="test-event"> <font color="maroon"> <small> &emsp; &emsp;--- 26 May 12:15:18 114 - Page URL:: http://development.eu.puma.com/en/pd/suede-classic-coloured-trainers/360850.html?dwvar_360850_color=columbia-surf%20the%20web#q=shoes&start=1</small> </font> </div>]]>
    </line>
    <line>
      <![CDATA[<div class="test-event"> <font color="maroon"> <small> &emsp; &emsp;--- 26 May 12:15:22 177 - Page URL:: http://development.eu.puma.com/en/pd/suede-classic-coloured-trainers/360850.html?dwvar_360850_color=columbia-surf%20the%20web#q=shoes&start=1</small> </font> </div>]]>
    </line>
    <line>
      <![CDATA[<div class="test-event"> <font color="maroon"> <small> &emsp; &emsp;--- 26 May 12:15:24 220 - Page URL:: http://development.eu.puma.com/en/pd/suede-tricks-kids%e2%80%99-trainers/361129.html?dwvar_361129_color=black-pink%20glo#q=shoes&start=1</small> </font> </div>]]>
    </line>
    <line>
      <![CDATA[<div class="test-event"> <font color="maroon"> <small> &emsp; &emsp;--- 26 May 12:15:25 144 - Page URL:: http://development.eu.puma.com/en/pd/suede-classic-coloured-trainers/360850.html?dwvar_360850_color=columbia-surf%20the%20web#q=shoes&start=1</small> </font> </div>]]>
    </line>
    <line>
      <![CDATA[<div class="test-event"> <font color="maroon"> <small> &emsp; &emsp;--- 26 May 12:15:26 437 - Page URL:: http://development.eu.puma.com/en/pd/suede-tricks-kids%e2%80%99-trainers/361129.html?dwvar_361129_color=black-pink%20glo#q=shoes&start=1</small> </font> </div>]]>
    </line>
    <line>
      <![CDATA[<div class="test-event"> <font color="maroon"> <small> &emsp; &emsp;--- 26 May 12:15:27 673 - Page URL:: http://development.eu.puma.com/en/pd/suede-classic-coloured-trainers/360850.html?dwvar_360850_color=columbia-surf%20the%20web#q=shoes&start=1</small> </font> </div>]]>
    </line>
    <line>
      <![CDATA[<div class="test-event"> <font color="maroon"> <small> &emsp; &emsp;--- 26 May 12:15:30 575 - Page URL:: http://development.eu.puma.com/en/pd/suede-tricks-kids%e2%80%99-trainers/361129.html?dwvar_361129_color=black-pink%20glo#q=shoes&start=1</small> </font> </div>]]>
    </line>
    <line>
      <![CDATA[<div class="test-event"> <font color="maroon"> <small> &emsp; &emsp;--- 26 May 12:15:32 385 - Page URL:: http://development.eu.puma.com/en/pd/suede-classic-coloured-trainers/360850.html?dwvar_360850_color=columbia-surf%20the%20web#q=shoes&start=1</small> </font> </div>]]>
    </line>
    <line>
      <![CDATA[<div class="test-event"> <font color="maroon"> <small> &emsp; &emsp;--- 26 May 12:15:32 682 - Element is displayed:: [[RemoteWebDriver: chrome on XP (816a3392-6c40-4881-9cb3-be4512aee624)] -> css selector: button[id='add-to-cart']]</small> </font> </div>]]>
    </line>
    <line>
      <![CDATA[<div class="test-event"> <font color="maroon"> <small> &emsp; &emsp;--- 26 May 12:15:32 692 - Page URL:: http://development.eu.puma.com/en/pd/suede-tricks-kids%e2%80%99-trainers/361129.html?dwvar_361129_color=black-pink%20glo#q=shoes&start=1</small> </font> </div>]]>
    </line>
    <line>
      <![CDATA[<div class="test-event"> <font color="maroon"> <small> &emsp; &emsp;--- 26 May 12:15:32 963 - Element is displayed:: [[RemoteWebDriver: chrome on XP (816a3392-6c40-4881-9cb3-be4512aee624)] -> css selector: div[class='mini-cart-total']]</small> </font> </div>]]>
    </line>
    <line>
      <![CDATA[<div class="test-message">&emsp;Step 3. Added Item to the Bag [Name: SUEDE CLASSIC COLOURED TRAINERS | SKU: 361129_01]</div>]]>
    </line>
    <line>
      <![CDATA[<div class="test-event"> <font color="maroon"> <small> &emsp; &emsp;--- 26 May 12:15:33 263 - Element is displayed:: [[RemoteWebDriver: chrome on XP (816a3392-6c40-4881-9cb3-be4512aee624)] -> css selector: div[class='mini-cart-total']]</small> </font> </div>]]>
    </line>
    <line>
      <![CDATA[<div class="test-event"> <font color="maroon"> <small> &emsp; &emsp;--- 26 May 12:15:35 690 - Page URL:: http://development.eu.puma.com/en/pd/suede-tricks-kids%e2%80%99-trainers/361129.html?dwvar_361129_color=black-pink%20glo#q=shoes&start=1</small> </font> </div>]]>
    </line>
    <line>
      <![CDATA[<div class="test-event"> <font color="maroon"> <small> &emsp; &emsp;--- 26 May 12:15:36 084 - Element is displayed:: [[RemoteWebDriver: chrome on XP (2bcb4867-48f3-4365-82f9-511948315337)] -> css selector: button[id='add-to-cart']]</small> </font> </div>]]>
    </line>
    <line>
      <![CDATA[<div class="test-event"> <font color="maroon"> <small> &emsp; &emsp;--- 26 May 12:15:36 476 - Element is displayed:: [[RemoteWebDriver: chrome on XP (2bcb4867-48f3-4365-82f9-511948315337)] -> css selector: div[class='mini-cart-total']]</small> </font> </div>]]>
    </line>
    <line>
      <![CDATA[<div class="test-message">&emsp;Step 3. Added Item to the Bag [Name: SUEDE TRICKS KIDS’ TRAINERS | SKU: 361129_01]</div>]]>
    </line>
    <line>
      <![CDATA[<div class="test-event"> <font color="maroon"> <small> &emsp; &emsp;--- 26 May 12:15:37 080 - Element is displayed:: [[RemoteWebDriver: chrome on XP (2bcb4867-48f3-4365-82f9-511948315337)] -> css selector: div[class='mini-cart-total']]</small> </font> </div>]]>
    </line>
    <line>
      <![CDATA[<div class="test-message">&emsp;Step 6. Navigated to Guest Checkout Page!</div>]]>
    </line>
    <line>
      <![CDATA[<div class="test-event"> <font color="maroon"> <small> &emsp; &emsp;--- 26 May 12:15:53 127 - Page URL:: https://development.eu.puma.com/en/checkout/start?dwcont=c1428184247</small> </font> </div>]]>
    </line>
    <line>
      <![CDATA[<div class="test-event"> <font color="maroon"> <small> &emsp; &emsp;--- 26 May 12:15:53 410 - Element is displayed:: [[RemoteWebDriver: firefox on WINDOWS (c7ef469f-1592-4fa3-9ee4-28cd2c56141d)] -> css selector: input[id*='firstName']]</small> </font> </div>]]>
    </line>
    <line>
      <![CDATA[<div class="test-event"> <font color="maroon"> <small> &emsp; &emsp;--- 26 May 12:15:54 961 - Page URL:: https://development.eu.puma.com/en/cart</small> </font> </div>]]>
    </line>
    <line>
      <![CDATA[<div class="test-event"> <font color="maroon"> <small> &emsp; &emsp;--- 26 May 12:15:55 035 - Page URL:: https://development.eu.puma.com/en/cart</small> </font> </div>]]>
    </line>
    <line>
      <![CDATA[<div class="test-event"> <font color="maroon"> <small> &emsp; &emsp;--- 26 May 12:15:55 234 - Element is displayed:: [[RemoteWebDriver: chrome on XP (2bcb4867-48f3-4365-82f9-511948315337)] -> css selector: form[id='cart-items-form']]</small> </font> </div>]]>
    </line>
    <line>
      <![CDATA[<div class="test-event"> <font color="maroon"> <small> &emsp; &emsp;--- 26 May 12:15:55 337 - Element is displayed:: [[RemoteWebDriver: chrome on XP (816a3392-6c40-4881-9cb3-be4512aee624)] -> css selector: form[id='cart-items-form']]</small> </font> </div>]]>
    </line>
    <line>
      <![CDATA[<div class="test-event"> <font color="maroon"> <small> &emsp; &emsp;--- 26 May 12:15:55 452 - Element is displayed:: [[RemoteWebDriver: chrome on XP (2bcb4867-48f3-4365-82f9-511948315337)] -> css selector: form[id='cart-items-form']]</small> </font> </div>]]>
    </line>
    <line>
      <![CDATA[<div class="test-message">&emsp;Step 4. Navigated to Shopping Bag Page!</div>]]>
    </line>
    <line>
      <![CDATA[<div class="test-event"> <font color="maroon"> <small> &emsp; &emsp;--- 26 May 12:15:55 642 - Element is displayed:: [[RemoteWebDriver: chrome on XP (816a3392-6c40-4881-9cb3-be4512aee624)] -> css selector: form[id='cart-items-form']]</small> </font> </div>]]>
    </line>
    <line>
      <![CDATA[<div class="test-message">&emsp;Step 4. Navigated to Shopping Bag Page!</div>]]>
    </line>
    <line>
      <![CDATA[<div class="test-event"> <font color="maroon"> <small> &emsp; &emsp;--- 26 May 12:16:00 242 - Page URL:: https://development.eu.puma.com/en/checkout/start?dwcont=c1428184247</small> </font> </div>]]>
    </line>
    <line>
      <![CDATA[<div class="test-event"> <font color="maroon"> <small> &emsp; &emsp;--- 26 May 12:16:00 510 - Element is displayed:: [[RemoteWebDriver: firefox on WINDOWS (c7ef469f-1592-4fa3-9ee4-28cd2c56141d)] -> css selector: input[id*='lastName']]</small> </font> </div>]]>
    </line>
    <line>
      <![CDATA[<div class="test-event"> <font color="maroon"> <small> &emsp; &emsp;--- 26 May 12:16:01 006 - Page URL:: https://development.eu.puma.com/en/cart</small> </font> </div>]]>
    </line>
    <line>
      <![CDATA[<div class="test-event"> <font color="maroon"> <small> &emsp; &emsp;--- 26 May 12:16:01 748 - Element is displayed:: [[RemoteWebDriver: chrome on XP (2bcb4867-48f3-4365-82f9-511948315337)] -> css selector: div[class*='cart-footer'] button[name*='checkoutCart']]</small> </font> </div>]]>
    </line>
    <line>
      <![CDATA[<div class="test-event"> <font color="maroon"> <small> &emsp; &emsp;--- 26 May 12:16:02 049 - Page URL:: https://development.eu.puma.com/en/cart</small> </font> </div>]]>
    </line>
    <line>
      <![CDATA[<div class="test-event"> <font color="maroon"> <small> &emsp; &emsp;--- 26 May 12:16:02 676 - Element is displayed:: [[RemoteWebDriver: chrome on XP (816a3392-6c40-4881-9cb3-be4512aee624)] -> css selector: div[class*='cart-footer'] button[name*='checkoutCart']]</small> </font> </div>]]>
    </line>
    <line>
      <![CDATA[<div class="test-event"> <font color="maroon"> <small> &emsp; &emsp;--- 26 May 12:16:05 407 - Page URL:: https://development.eu.puma.com/en/checkout/start?dwcont=c1428184247</small> </font> </div>]]>
    </line>
    <line>
      <![CDATA[<div class="test-event"> <font color="maroon"> <small> &emsp; &emsp;--- 26 May 12:16:06 076 - Element is displayed:: [[RemoteWebDriver: firefox on WINDOWS (c7ef469f-1592-4fa3-9ee4-28cd2c56141d)] -> css selector: input[id*='address1']]</small> </font> </div>]]>
    </line>
    <line>
      <![CDATA[<div class="test-event"> <font color="maroon"> <small> &emsp; &emsp;--- 26 May 12:16:15 762 - Page URL:: https://development.eu.puma.com/en/checkout/start?dwcont=c1428184247</small> </font> </div>]]>
    </line>
    <line>
      <![CDATA[<div class="test-event"> <font color="maroon"> <small> &emsp; &emsp;--- 26 May 12:16:16 106 - Element is displayed:: [[RemoteWebDriver: firefox on WINDOWS (c7ef469f-1592-4fa3-9ee4-28cd2c56141d)] -> css selector: input[id*='suite']]</small> </font> </div>]]>
    </line>
    <line>
      <![CDATA[<div class="test-event"> <font color="maroon"> <small> &emsp; &emsp;--- 26 May 12:16:21 433 - Page URL:: https://development.eu.puma.com/en/checkout/start?dwcont=c1428184247</small> </font> </div>]]>
    </line>
    <line>
      <![CDATA[<div class="test-event"> <font color="maroon"> <small> &emsp; &emsp;--- 26 May 12:16:21 621 - Element is displayed:: [[RemoteWebDriver: firefox on WINDOWS (c7ef469f-1592-4fa3-9ee4-28cd2c56141d)] -> css selector: input[id*='zip']]</small> </font> </div>]]>
    </line>
    <line>
      <![CDATA[<div class="test-event"> <font color="maroon"> <small> &emsp; &emsp;--- 26 May 12:16:22 078 - Page URL:: https://development.eu.puma.com/en/checkout/start</small> </font> </div>]]>
    </line>
    <line>
      <![CDATA[<div class="test-event"> <font color="maroon"> <small> &emsp; &emsp;--- 26 May 12:16:22 267 - Page URL:: https://development.eu.puma.com/en/checkout/start</small> </font> </div>]]>
    </line>
    <line>
      <![CDATA[<div class="test-event"> <font color="maroon"> <small> &emsp; &emsp;--- 26 May 12:16:22 642 - Element is displayed:: [[RemoteWebDriver: chrome on XP (2bcb4867-48f3-4365-82f9-511948315337)] -> css selector: button[name*='login']]</small> </font> </div>]]>
    </line>
    <line>
      <![CDATA[<div class="test-event"> <font color="maroon"> <small> &emsp; &emsp;--- 26 May 12:16:23 160 - Element is displayed:: [[RemoteWebDriver: chrome on XP (816a3392-6c40-4881-9cb3-be4512aee624)] -> css selector: button[name*='login']]</small> </font> </div>]]>
    </line>
    <line>
      <![CDATA[<div class="test-event"> <font color="maroon"> <small> &emsp; &emsp;--- 26 May 12:16:23 284 - Element is displayed:: [[RemoteWebDriver: chrome on XP (2bcb4867-48f3-4365-82f9-511948315337)] -> css selector: button[name*='login']]</small> </font> </div>]]>
    </line>
    <line>
      <![CDATA[<div class="test-message">&emsp;Step 5. Navigated to Checkout Page!</div>]]>
    </line>
    <line>
      <![CDATA[<div class="test-event"> <font color="maroon"> <small> &emsp; &emsp;--- 26 May 12:16:23 916 - Element is displayed:: [[RemoteWebDriver: chrome on XP (816a3392-6c40-4881-9cb3-be4512aee624)] -> css selector: button[name*='login']]</small> </font> </div>]]>
    </line>
    <line>
      <![CDATA[<div class="test-message">&emsp;Step 5. Navigated to Checkout Page!</div>]]>
    </line>
    <line>
      <![CDATA[<div class="test-event"> <font color="maroon"> <small> &emsp; &emsp;--- 26 May 12:16:24 063 - Element is displayed:: [[RemoteWebDriver: chrome on XP (2bcb4867-48f3-4365-82f9-511948315337)] -> css selector: button[name*='unregistered']]</small> </font> </div>]]>
    </line>
    <line>
      <![CDATA[<div class="test-event"> <font color="maroon"> <small> &emsp; &emsp;--- 26 May 12:16:25 248 - Page URL:: https://development.eu.puma.com/en/checkout/start?dwcont=c1428184247</small> </font> </div>]]>
    </line>
    <line>
      <![CDATA[<div class="test-event"> <font color="maroon"> <small> &emsp; &emsp;--- 26 May 12:16:25 289 - Element is displayed:: [[RemoteWebDriver: chrome on XP (816a3392-6c40-4881-9cb3-be4512aee624)] -> css selector: button[name*='unregistered']]</small> </font> </div>]]>
    </line>
    <line>
      <![CDATA[<div class="test-event"> <font color="maroon"> <small> &emsp; &emsp;--- 26 May 12:16:25 435 - Element is displayed:: [[RemoteWebDriver: firefox on WINDOWS (c7ef469f-1592-4fa3-9ee4-28cd2c56141d)] -> css selector: input[id*='city']]</small> </font> </div>]]>
    </line>
    <line>
      <![CDATA[<div class="test-event"> <font color="maroon"> <small> &emsp; &emsp;--- 26 May 12:16:36 197 - Page URL:: https://development.eu.puma.com/en/checkout/start?dwcont=c1428184247</small> </font> </div>]]>
    </line>
    <line>
      <![CDATA[<div class="test-event"> <font color="maroon"> <small> &emsp; &emsp;--- 26 May 12:16:36 761 - Element is displayed:: [[RemoteWebDriver: firefox on WINDOWS (c7ef469f-1592-4fa3-9ee4-28cd2c56141d)] -> css selector: input[id*='emailAddress']]</small> </font> </div>]]>
    </line>
    <line>
      <![CDATA[<div class="test-event"> <font color="maroon"> <small> &emsp; &emsp;--- 26 May 12:16:41 085 - Page URL:: https://development.eu.puma.com/en/checkout/start?dwcont=c1428184247</small> </font> </div>]]>
    </line>
    <line>
      <![CDATA[<div class="test-event"> <font color="maroon"> <small> &emsp; &emsp;--- 26 May 12:16:41 220 - Element is displayed:: [[RemoteWebDriver: firefox on WINDOWS (c7ef469f-1592-4fa3-9ee4-28cd2c56141d)] -> css selector: button[data-id*='countries_country']]</small> </font> </div>]]>
    </line>
    <line>
      <![CDATA[<div class="test-event"> <font color="maroon"> <small> &emsp; &emsp;--- 26 May 12:16:46 137 - Page URL:: https://development.eu.puma.com/en/checkout/start?dwcont=c1428184247</small> </font> </div>]]>
    </line>
    <line>
      <![CDATA[<div class="test-event"> <font color="maroon"> <small> &emsp; &emsp;--- 26 May 12:16:46 307 - Element is displayed:: [[RemoteWebDriver: firefox on WINDOWS (c7ef469f-1592-4fa3-9ee4-28cd2c56141d)] -> css selector: div[class*='country'][class*='open'] ul[class='dropdown-menu inner selectpicker'] li[rel='10']]</small> </font> </div>]]>
    </line>
    <line>
      <![CDATA[<div class="test-message">&emsp;Step 6. Navigated to Guest Checkout Page!</div>]]>
    </line>
    <line>
      <![CDATA[<div class="test-message">&emsp;Step 6. Navigated to Guest Checkout Page!</div>]]>
    </line>
    <line>
      <![CDATA[<div class="test-event"> <font color="maroon"> <small> &emsp; &emsp;--- 26 May 12:17:26 900 - Page URL:: https://development.eu.puma.com/en/checkout/start?dwcont=c1428190934</small> </font> </div>]]>
    </line>
    <line>
      <![CDATA[<div class="test-event"> <font color="maroon"> <small> &emsp; &emsp;--- 26 May 12:17:27 007 - Page URL:: https://development.eu.puma.com/en/checkout/start?dwcont=c1428191793</small> </font> </div>]]>
    </line>
    <line>
      <![CDATA[<div class="test-event"> <font color="maroon"> <small> &emsp; &emsp;--- 26 May 12:17:27 346 - Element is displayed:: [[RemoteWebDriver: chrome on XP (2bcb4867-48f3-4365-82f9-511948315337)] -> css selector: input[id*='firstName']]</small> </font> </div>]]>
    </line>
    <line>
      <![CDATA[<div class="test-event"> <font color="maroon"> <small> &emsp; &emsp;--- 26 May 12:17:27 489 - Element is displayed:: [[RemoteWebDriver: chrome on XP (816a3392-6c40-4881-9cb3-be4512aee624)] -> css selector: input[id*='firstName']]</small> </font> </div>]]>
    </line>
    <line>
      <![CDATA[<div class="test-event"> <font color="maroon"> <small> &emsp; &emsp;--- 26 May 12:17:28 970 - Page URL:: https://development.eu.puma.com/en/checkout/start?dwcont=c1428184247</small> </font> </div>]]>
    </line>
    <line>
      <![CDATA[<div class="test-event"> <font color="maroon"> <small> &emsp; &emsp;--- 26 May 12:17:29 147 - Element is displayed:: [[RemoteWebDriver: firefox on WINDOWS (c7ef469f-1592-4fa3-9ee4-28cd2c56141d)] -> css selector: input[id*='emailConfirm']]</small> </font> </div>]]>
    </line>
    <line>
      <![CDATA[<div class="test-event"> <font color="maroon"> <small> &emsp; &emsp;--- 26 May 12:17:33 790 - Page URL:: https://development.eu.puma.com/en/checkout/start?dwcont=c1428184247</small> </font> </div>]]>
    </line>
    <line>
      <![CDATA[<div class="test-event"> <font color="maroon"> <small> &emsp; &emsp;--- 26 May 12:17:35 624 - Page URL:: https://development.eu.puma.com/en/checkout/start?dwcont=c1428191793</small> </font> </div>]]>
    </line>
    <line>
      <![CDATA[<div class="test-event"> <font color="maroon"> <small> &emsp; &emsp;--- 26 May 12:17:35 815 - Element is displayed:: [[RemoteWebDriver: chrome on XP (816a3392-6c40-4881-9cb3-be4512aee624)] -> css selector: input[id*='lastName']]</small> </font> </div>]]>
    </line>
    <line>
      <![CDATA[<div class="test-event"> <font color="maroon"> <small> &emsp; &emsp;--- 26 May 12:17:35 899 - Page URL:: https://development.eu.puma.com/en/checkout/start?dwcont=c1428190934</small> </font> </div>]]>
    </line>
    <line>
      <![CDATA[<div class="test-event"> <font color="maroon"> <small> &emsp; &emsp;--- 26 May 12:17:36 224 - Element is displayed:: [[RemoteWebDriver: chrome on XP (2bcb4867-48f3-4365-82f9-511948315337)] -> css selector: input[id*='lastName']]</small> </font> </div>]]>
    </line>
    <line>
      <![CDATA[<div class="test-event"> <font color="maroon"> <small> &emsp; &emsp;--- 26 May 12:17:38 257 - Page URL:: https://development.eu.puma.com/en/checkout/start?dwcont=c1428191793</small> </font> </div>]]>
    </line>
    <line>
      <![CDATA[<div class="test-event"> <font color="maroon"> <small> &emsp; &emsp;--- 26 May 12:17:38 362 - Page URL:: https://development.eu.puma.com/en/checkout/start?dwcont=c1428190934</small> </font> </div>]]>
    </line>
    <line>
      <![CDATA[<div class="test-event"> <font color="maroon"> <small> &emsp; &emsp;--- 26 May 12:17:38 483 - Element is displayed:: [[RemoteWebDriver: chrome on XP (816a3392-6c40-4881-9cb3-be4512aee624)] -> css selector: input[id*='address1']]</small> </font> </div>]]>
    </line>
    <line>
      <![CDATA[<div class="test-event"> <font color="maroon"> <small> &emsp; &emsp;--- 26 May 12:17:38 657 - Element is displayed:: [[RemoteWebDriver: chrome on XP (2bcb4867-48f3-4365-82f9-511948315337)] -> css selector: input[id*='address1']]</small> </font> </div>]]>
    </line>
    <line>
      <![CDATA[<div class="test-event"> <font color="maroon"> <small> &emsp; &emsp;--- 26 May 12:17:43 194 - Page URL:: https://development.eu.puma.com/en/checkout/start?dwcont=c1428191793</small> </font> </div>]]>
    </line>
    <line>
      <![CDATA[<div class="test-event"> <font color="maroon"> <small> &emsp; &emsp;--- 26 May 12:17:43 283 - Page URL:: https://development.eu.puma.com/en/checkout/start?dwcont=c1428190934</small> </font> </div>]]>
    </line>
    <line>
      <![CDATA[<div class="test-event"> <font color="maroon"> <small> &emsp; &emsp;--- 26 May 12:17:43 426 - Element is displayed:: [[RemoteWebDriver: chrome on XP (816a3392-6c40-4881-9cb3-be4512aee624)] -> css selector: input[id*='suite']]</small> </font> </div>]]>
    </line>
    <line>
      <![CDATA[<div class="test-event"> <font color="maroon"> <small> &emsp; &emsp;--- 26 May 12:17:43 478 - Element is displayed:: [[RemoteWebDriver: chrome on XP (2bcb4867-48f3-4365-82f9-511948315337)] -> css selector: input[id*='suite']]</small> </font> </div>]]>
    </line>
    <line>
      <![CDATA[<div class="test-event"> <font color="maroon"> <small> &emsp; &emsp;--- 26 May 12:17:46 390 - Page URL:: https://development.eu.puma.com/en/checkout/start?dwcont=c1428191793</small> </font> </div>]]>
    </line>
    <line>
      <![CDATA[<div class="test-event"> <font color="maroon"> <small> &emsp; &emsp;--- 26 May 12:17:46 749 - Page URL:: https://development.eu.puma.com/en/checkout/start?dwcont=c1428190934</small> </font> </div>]]>
    </line>
    <line>
      <![CDATA[<div class="test-event"> <font color="maroon"> <small> &emsp; &emsp;--- 26 May 12:17:46 982 - Element is displayed:: [[RemoteWebDriver: chrome on XP (816a3392-6c40-4881-9cb3-be4512aee624)] -> css selector: input[id*='zip']]</small> </font> </div>]]>
    </line>
    <line>
      <![CDATA[<div class="test-event"> <font color="maroon"> <small> &emsp; &emsp;--- 26 May 12:17:47 257 - Element is displayed:: [[RemoteWebDriver: chrome on XP (2bcb4867-48f3-4365-82f9-511948315337)] -> css selector: input[id*='zip']]</small> </font> </div>]]>
    </line>
    <line>
      <![CDATA[<div class="test-event"> <font color="maroon"> <small> &emsp; &emsp;--- 26 May 12:17:49 536 - Page URL:: https://development.eu.puma.com/en/checkout/start?dwcont=c1428191793</small> </font> </div>]]>
    </line>
    <line>
      <![CDATA[<div class="test-event"> <font color="maroon"> <small> &emsp; &emsp;--- 26 May 12:17:49 790 - Element is displayed:: [[RemoteWebDriver: chrome on XP (816a3392-6c40-4881-9cb3-be4512aee624)] -> css selector: input[id*='city']]</small> </font> </div>]]>
    </line>
    <line>
      <![CDATA[<div class="test-event"> <font color="maroon"> <small> &emsp; &emsp;--- 26 May 12:17:49 843 - Page URL:: https://development.eu.puma.com/en/checkout/start?dwcont=c1428190934</small> </font> </div>]]>
    </line>
    <line>
      <![CDATA[<div class="test-event"> <font color="maroon"> <small> &emsp; &emsp;--- 26 May 12:17:50 434 - Element is displayed:: [[RemoteWebDriver: chrome on XP (2bcb4867-48f3-4365-82f9-511948315337)] -> css selector: input[id*='city']]</small> </font> </div>]]>
    </line>
    <line>
      <![CDATA[<div class="test-event"> <font color="maroon"> <small> &emsp; &emsp;--- 26 May 12:17:52 404 - Page URL:: https://development.eu.puma.com/en/checkout/start?dwcont=c1428191793</small> </font> </div>]]>
    </line>
    <line>
      <![CDATA[<div class="test-event"> <font color="maroon"> <small> &emsp; &emsp;--- 26 May 12:17:52 606 - Element is displayed:: [[RemoteWebDriver: chrome on XP (816a3392-6c40-4881-9cb3-be4512aee624)] -> css selector: input[id*='emailAddress']]</small> </font> </div>]]>
    </line>
    <line>
      <![CDATA[<div class="test-event"> <font color="maroon"> <small> &emsp; &emsp;--- 26 May 12:17:53 136 - Page URL:: https://development.eu.puma.com/en/checkout/start?dwcont=c1428190934</small> </font> </div>]]>
    </line>
    <line>
      <![CDATA[<div class="test-event"> <font color="maroon"> <small> &emsp; &emsp;--- 26 May 12:17:53 450 - Element is displayed:: [[RemoteWebDriver: chrome on XP (2bcb4867-48f3-4365-82f9-511948315337)] -> css selector: input[id*='emailAddress']]</small> </font> </div>]]>
    </line>
    <line>
      <![CDATA[<div class="test-event"> <font color="maroon"> <small> &emsp; &emsp;--- 26 May 12:18:03 646 - Page URL:: https://development.eu.puma.com/en/checkout/start?dwcont=c1428190934</small> </font> </div>]]>
    </line>
    <line>
      <![CDATA[<div class="test-event"> <font color="maroon"> <small> &emsp; &emsp;--- 26 May 12:18:04 243 - Element is displayed:: [[RemoteWebDriver: chrome on XP (2bcb4867-48f3-4365-82f9-511948315337)] -> css selector: button[data-id*='countries_country']]</small> </font> </div>]]>
    </line>
    <line>
      <![CDATA[<div class="test-event"> <font color="maroon"> <small> &emsp; &emsp;--- 26 May 12:18:04 517 - Page URL:: https://development.eu.puma.com/en/checkout/start?dwcont=c1428191793</small> </font> </div>]]>
    </line>
    <line>
      <![CDATA[<div class="test-event"> <font color="maroon"> <small> &emsp; &emsp;--- 26 May 12:18:04 662 - Element is displayed:: [[RemoteWebDriver: chrome on XP (816a3392-6c40-4881-9cb3-be4512aee624)] -> css selector: button[data-id*='countries_country']]</small> </font> </div>]]>
    </line>
    <line>
      <![CDATA[<div class="test-event"> <font color="maroon"> <small> &emsp; &emsp;--- 26 May 12:18:06 796 - Page URL:: https://development.eu.puma.com/en/checkout/start?dwcont=c1428191793</small> </font> </div>]]>
    </line>
    <line>
      <![CDATA[<div class="test-event"> <font color="maroon"> <small> &emsp; &emsp;--- 26 May 12:18:06 871 - Page URL:: https://development.eu.puma.com/en/checkout/start?dwcont=c1428190934</small> </font> </div>]]>
    </line>
    <line>
      <![CDATA[<div class="test-event"> <font color="maroon"> <small> &emsp; &emsp;--- 26 May 12:18:06 991 - Element is displayed:: [[RemoteWebDriver: chrome on XP (816a3392-6c40-4881-9cb3-be4512aee624)] -> css selector: div[class*='country'][class*='open'] ul[class='dropdown-menu inner selectpicker'] li[rel='10']]</small> </font> </div>]]>
    </line>
    <line>
      <![CDATA[<div class="test-event"> <font color="maroon"> <small> &emsp; &emsp;--- 26 May 12:18:07 057 - Element is displayed:: [[RemoteWebDriver: chrome on XP (2bcb4867-48f3-4365-82f9-511948315337)] -> css selector: div[class*='country'][class*='open'] ul[class='dropdown-menu inner selectpicker'] li[rel='10']]</small> </font> </div>]]>
    </line>
    <line>
      <![CDATA[<div class="test-event"> <font color="maroon"> <small> &emsp; &emsp;--- 26 May 12:18:15 970 - Page URL:: https://development.eu.puma.com/en/checkout/start?dwcont=c1428191793</small> </font> </div>]]>
    </line>
    <line>
      <![CDATA[<div class="test-event"> <font color="maroon"> <small> &emsp; &emsp;--- 26 May 12:18:16 425 - Element is displayed:: [[RemoteWebDriver: chrome on XP (816a3392-6c40-4881-9cb3-be4512aee624)] -> css selector: input[id*='emailConfirm']]</small> </font> </div>]]>
    </line>
    <line>
      <![CDATA[<div class="test-event"> <font color="maroon"> <small> &emsp; &emsp;--- 26 May 12:18:20 961 - Page URL:: https://development.eu.puma.com/en/checkout/start?dwcont=c1428190934</small> </font> </div>]]>
    </line>
    <line>
      <![CDATA[<div class="test-event"> <font color="maroon"> <small> &emsp; &emsp;--- 26 May 12:18:21 242 - Element is displayed:: [[RemoteWebDriver: chrome on XP (2bcb4867-48f3-4365-82f9-511948315337)] -> css selector: input[id*='emailConfirm']]</small> </font> </div>]]>
    </line>
    <line>
      <![CDATA[<div class="test-event"> <font color="maroon"> <small> &emsp; &emsp;--- 26 May 12:18:24 972 - Element is displayed:: [[RemoteWebDriver: firefox on WINDOWS (c7ef469f-1592-4fa3-9ee4-28cd2c56141d)] -> css selector: label[for='is-PAYMENTOPERATOR_CREDIT']]</small> </font> </div>]]>
    </line>
    <line>
      <![CDATA[<div class="test-message">&emsp;Step 7. Entered Shipping/Payment Address Information and Proceeded to Payment Page!</div>]]>
    </line>
    <line>
      <![CDATA[<div class="test-event"> <font color="maroon"> <small> &emsp; &emsp;--- 26 May 12:18:25 734 - Element is displayed:: [[RemoteWebDriver: firefox on WINDOWS (c7ef469f-1592-4fa3-9ee4-28cd2c56141d)] -> css selector: label[for='is-PAYMENTOPERATOR_CREDIT']]</small> </font> </div>]]>
    </line>
    <line>
      <![CDATA[<div class="test-event"> <font color="maroon"> <small> &emsp; &emsp;--- 26 May 12:18:26 728 - Element is displayed:: [[RemoteWebDriver: firefox on WINDOWS (c7ef469f-1592-4fa3-9ee4-28cd2c56141d)] -> css selector: button[name*='billing_save']]</small> </font> </div>]]>
    </line>
    <line>
      <![CDATA[<div class="test-event"> <font color="maroon"> <small> &emsp; &emsp;--- 26 May 12:18:27 474 - Page URL:: https://development.eu.puma.com/en/checkout/start?dwcont=c1428191793</small> </font> </div>]]>
    </line>
    <line>
      <![CDATA[<div class="test-event"> <font color="maroon"> <small> &emsp; &emsp;--- 26 May 12:18:28 070 - Page URL:: https://development.eu.puma.com/en/checkout/start?dwcont=c1428190934</small> </font> </div>]]>
    </line>
    <line>
      <![CDATA[<div class="test-message">&emsp;Step 8. Selected CC Payment!</div>]]>
    </line>
    <line>
      <![CDATA[<div class="test-message">&emsp;Step 9. Proceeded to Order Review Page!</div>]]>
    </line>
    <line>
      <![CDATA[<div class="test-event"> <font color="maroon"> <small> &emsp; &emsp;--- 26 May 12:18:49 847 - Element is displayed:: [[RemoteWebDriver: firefox on WINDOWS (c7ef469f-1592-4fa3-9ee4-28cd2c56141d)] -> css selector: button[name*='submit']]</small> </font> </div>]]>
    </line>
    <line>
      <![CDATA[<div class="test-event"> <font color="maroon"> <small> &emsp; &emsp;--- 26 May 12:18:50 875 - Element is displayed:: [[RemoteWebDriver: chrome on XP (816a3392-6c40-4881-9cb3-be4512aee624)] -> css selector: label[for='is-PAYMENTOPERATOR_CREDIT']]</small> </font> </div>]]>
    </line>
    <line>
      <![CDATA[<div class="test-message">&emsp;Step 7. Entered Shipping/Payment Address Information and Proceeded to Payment Page!</div>]]>
    </line>
    <line>
      <![CDATA[<div class="test-event"> <font color="maroon"> <small> &emsp; &emsp;--- 26 May 12:18:51 024 - Element is displayed:: [[RemoteWebDriver: chrome on XP (2bcb4867-48f3-4365-82f9-511948315337)] -> css selector: label[for='is-PAYMENTOPERATOR_CREDIT']]</small> </font> </div>]]>
    </line>
    <line>
      <![CDATA[<div class="test-message">&emsp;Step 7. Entered Shipping/Payment Address Information and Proceeded to Payment Page!</div>]]>
    </line>
    <line>
      <![CDATA[<div class="test-event"> <font color="maroon"> <small> &emsp; &emsp;--- 26 May 12:18:51 130 - Element is displayed:: [[RemoteWebDriver: chrome on XP (816a3392-6c40-4881-9cb3-be4512aee624)] -> css selector: label[for='is-PAYMENTOPERATOR_CREDIT']]</small> </font> </div>]]>
    </line>
    <line>
      <![CDATA[<div class="test-event"> <font color="maroon"> <small> &emsp; &emsp;--- 26 May 12:18:51 265 - Element is displayed:: [[RemoteWebDriver: chrome on XP (2bcb4867-48f3-4365-82f9-511948315337)] -> css selector: label[for='is-PAYMENTOPERATOR_CREDIT']]</small> </font> </div>]]>
    </line>
    <line>
      <![CDATA[<div class="test-event"> <font color="maroon"> <small> &emsp; &emsp;--- 26 May 12:18:52 573 - Element is displayed:: [[RemoteWebDriver: chrome on XP (2bcb4867-48f3-4365-82f9-511948315337)] -> css selector: button[name*='billing_save']]</small> </font> </div>]]>
    </line>
    <line>
      <![CDATA[<div class="test-event"> <font color="maroon"> <small> &emsp; &emsp;--- 26 May 12:18:52 667 - Element is displayed:: [[RemoteWebDriver: chrome on XP (816a3392-6c40-4881-9cb3-be4512aee624)] -> css selector: button[name*='billing_save']]</small> </font> </div>]]>
    </line>
    <line>
      <![CDATA[<div class="test-message">&emsp;Step 8. Selected CC Payment!</div>]]>
    </line>
    <line>
      <![CDATA[<div class="test-message">&emsp;Step 9. Proceeded to Order Review Page!</div>]]>
    </line>
    <line>
      <![CDATA[<div class="test-message">&emsp;Step 8. Selected CC Payment!</div>]]>
    </line>
    <line>
      <![CDATA[<div class="test-message">&emsp;Step 9. Proceeded to Order Review Page!</div>]]>
    </line>
    <line>
      <![CDATA[<div class="test-event"> <font color="maroon"> <small> &emsp; &emsp;--- 26 May 12:19:06 325 - Element is displayed:: [[RemoteWebDriver: chrome on XP (2bcb4867-48f3-4365-82f9-511948315337)] -> css selector: button[name*='submit']]</small> </font> </div>]]>
    </line>
    <line>
      <![CDATA[<div class="test-event"> <font color="maroon"> <small> &emsp; &emsp;--- 26 May 12:19:06 829 - Element is displayed:: [[RemoteWebDriver: chrome on XP (816a3392-6c40-4881-9cb3-be4512aee624)] -> css selector: button[name*='submit']]</small> </font> </div>]]>
    </line>
    <line>
      <![CDATA[<div class="test-message">&emsp;Step 10. Submitted Order!</div>]]>
    </line>
    <line>
      <![CDATA[<div class="test-message">&emsp;Step 10. Submitted Order!</div>]]>
    </line>
    <line>
      <![CDATA[<div class="test-message">&emsp;Step 10. Submitted Order!</div>]]>
    </line>
    <line>
      <![CDATA[<div class="test-event"> <font color="maroon"> <small> &emsp; &emsp;--- 26 May 12:19:29 291 - Element is displayed:: [[RemoteWebDriver: firefox on WINDOWS (c7ef469f-1592-4fa3-9ee4-28cd2c56141d)] -> css selector: select[name='KKName']]</small> </font> </div>]]>
    </line>
    <line>
      <![CDATA[<div class="test-event"> <font color="maroon"> <small> &emsp; &emsp;--- 26 May 12:19:31 460 - Element is displayed:: [[RemoteWebDriver: chrome on XP (816a3392-6c40-4881-9cb3-be4512aee624)] -> css selector: select[name='KKName']]</small> </font> </div>]]>
    </line>
    <line>
      <![CDATA[<div class="test-event"> <font color="maroon"> <small> &emsp; &emsp;--- 26 May 12:19:32 223 - Element is displayed:: [[RemoteWebDriver: firefox on WINDOWS (c7ef469f-1592-4fa3-9ee4-28cd2c56141d)] -> css selector: input[name='KKnr']]</small> </font> </div>]]>
    </line>
    <line>
      <![CDATA[<div class="test-event"> <font color="maroon"> <small> &emsp; &emsp;--- 26 May 12:19:33 003 - Element is displayed:: [[RemoteWebDriver: chrome on XP (2bcb4867-48f3-4365-82f9-511948315337)] -> css selector: select[name='KKName']]</small> </font> </div>]]>
    </line>
    <line>
      <![CDATA[<div class="test-event"> <font color="maroon"> <small> &emsp; &emsp;--- 26 May 12:19:33 621 - Element is displayed:: [[RemoteWebDriver: firefox on WINDOWS (c7ef469f-1592-4fa3-9ee4-28cd2c56141d)] -> css selector: select[name='KKMonth']]</small> </font> </div>]]>
    </line>
    <line>
      <![CDATA[<div class="test-event"> <font color="maroon"> <small> &emsp; &emsp;--- 26 May 12:19:34 148 - Element is displayed:: [[RemoteWebDriver: chrome on XP (816a3392-6c40-4881-9cb3-be4512aee624)] -> css selector: input[name='KKnr']]</small> </font> </div>]]>
    </line>
    <line>
      <![CDATA[<div class="test-event"> <font color="maroon"> <small> &emsp; &emsp;--- 26 May 12:19:35 545 - Element is displayed:: [[RemoteWebDriver: firefox on WINDOWS (c7ef469f-1592-4fa3-9ee4-28cd2c56141d)] -> css selector: select[name='KKYear']]</small> </font> </div>]]>
    </line>
    <line>
      <![CDATA[<div class="test-event"> <font color="maroon"> <small> &emsp; &emsp;--- 26 May 12:19:35 843 - Element is displayed:: [[RemoteWebDriver: chrome on XP (2bcb4867-48f3-4365-82f9-511948315337)] -> css selector: input[name='KKnr']]</small> </font> </div>]]>
    </line>
    <line>
      <![CDATA[<div class="test-event"> <font color="maroon"> <small> &emsp; &emsp;--- 26 May 12:19:37 531 - Element is displayed:: [[RemoteWebDriver: firefox on WINDOWS (c7ef469f-1592-4fa3-9ee4-28cd2c56141d)] -> css selector: input[name='cccvc']]</small> </font> </div>]]>
    </line>
    <line>
      <![CDATA[<div class="test-event"> <font color="maroon"> <small> &emsp; &emsp;--- 26 May 12:19:37 643 - Element is displayed:: [[RemoteWebDriver: chrome on XP (816a3392-6c40-4881-9cb3-be4512aee624)] -> css selector: select[name='KKMonth']]</small> </font> </div>]]>
    </line>
    <line>
      <![CDATA[<div class="test-event"> <font color="maroon"> <small> &emsp; &emsp;--- 26 May 12:19:38 777 - Element is displayed:: [[RemoteWebDriver: chrome on XP (2bcb4867-48f3-4365-82f9-511948315337)] -> css selector: select[name='KKMonth']]</small> </font> </div>]]>
    </line>
    <line>
      <![CDATA[<div class="test-event"> <font color="maroon"> <small> &emsp; &emsp;--- 26 May 12:19:38 785 - Element is displayed:: [[RemoteWebDriver: firefox on WINDOWS (c7ef469f-1592-4fa3-9ee4-28cd2c56141d)] -> css selector: input[value='Confirm']]</small> </font> </div>]]>
    </line>
    <line>
      <![CDATA[<div class="test-event"> <font color="maroon"> <small> &emsp; &emsp;--- 26 May 12:19:40 383 - Element is displayed:: [[RemoteWebDriver: chrome on XP (816a3392-6c40-4881-9cb3-be4512aee624)] -> css selector: select[name='KKYear']]</small> </font> </div>]]>
    </line>
    <line>
      <![CDATA[<div class="test-event"> <font color="maroon"> <small> &emsp; &emsp;--- 26 May 12:19:41 626 - Element is displayed:: [[RemoteWebDriver: chrome on XP (2bcb4867-48f3-4365-82f9-511948315337)] -> css selector: select[name='KKYear']]</small> </font> </div>]]>
    </line>
    <line>
      <![CDATA[<div class="test-event"> <font color="maroon"> <small> &emsp; &emsp;--- 26 May 12:19:43 423 - Element is displayed:: [[RemoteWebDriver: chrome on XP (816a3392-6c40-4881-9cb3-be4512aee624)] -> css selector: input[name='cccvc']]</small> </font> </div>]]>
    </line>
    <line>
      <![CDATA[<div class="test-event"> <font color="maroon"> <small> &emsp; &emsp;--- 26 May 12:19:44 817 - Element is displayed:: [[RemoteWebDriver: chrome on XP (2bcb4867-48f3-4365-82f9-511948315337)] -> css selector: input[name='cccvc']]</small> </font> </div>]]>
    </line>
    <line>
      <![CDATA[<div class="test-event"> <font color="maroon"> <small> &emsp; &emsp;--- 26 May 12:19:45 480 - Element is displayed:: [[RemoteWebDriver: chrome on XP (816a3392-6c40-4881-9cb3-be4512aee624)] -> css selector: input[value='Confirm']]</small> </font> </div>]]>
    </line>
    <line>
      <![CDATA[<div class="test-event"> <font color="maroon"> <small> &emsp; &emsp;--- 26 May 12:19:45 959 - Element is displayed:: [[RemoteWebDriver: chrome on XP (2bcb4867-48f3-4365-82f9-511948315337)] -> css selector: input[value='Confirm']]</small> </font> </div>]]>
    </line>
    <line>
      <![CDATA[<div class="test-message">&emsp;Step 11. Order Placed [Order Number: Order Number: 00000006832]!&emsp;<a href=".\ScreenShot\tcPUMADemo01_3.png" target="_blank" >[ScreenShot]</a></div>]]>
    </line>
    <line>
      <![CDATA[<div class="test-message">&emsp;Step 11. Order Placed [Order Number: Order Number: 00000006834]!&emsp;<a href=".\ScreenShot\tcPUMADemo01_2.png" target="_blank" >[ScreenShot]</a></div>]]>
    </line>
    <line>
      <![CDATA[<div class="test-message">&emsp;Step 11. Order Placed [Order Number: Order Number: 00000006833]!&emsp;<a href=".\ScreenShot\tcPUMADemo01_1.png" target="_blank" >[ScreenShot]</a></div>]]>
    </line>
    <line>
      <![CDATA[<div class="test-message">&emsp;Step-12: Order Placed Successfully!!&emsp;<a href=".\ScreenShot\tcPUMADemo01_4.png" target="_blank" >[ScreenShot]</a></div>]]>
    </line>
    <line>
      <![CDATA[<div class="test-message">&emsp;-- Order Info [ Product Name: SUEDE TRICKS KIDS’ TRAINERS || Product Sales Price: € 60,00 || Product SKU: 361129_01 || Payment Type: MasterCard || Card #: 5555555555554444 ].</div>]]>
    </line>
    <line>
      <![CDATA[<div class="test-result"><br><font color="green"><strong> Test Passed.  </strong></font> </div>&emsp;]]>
    </line>
    <line>
      <![CDATA[<div class="test-message">&emsp;Step-12: Order Placed Successfully!!&emsp;<a href=".\ScreenShot\tcPUMADemo01_5.png" target="_blank" >[ScreenShot]</a></div>]]>
    </line>
    <line>
      <![CDATA[<div class="test-message">&emsp;-- Order Info [ Product Name: SUEDE TRICKS KIDS’ TRAINERS || Product Sales Price: € 60,00 || Product SKU: 361129_01 || Payment Type: VISA || Card #: 4111111111111111 ].</div>]]>
    </line>
    <line>
      <![CDATA[<div class="test-result"><br><font color="green"><strong> Test Passed.  </strong></font> </div>&emsp;]]>
    </line>
    <line>
      <![CDATA[<div class="test-result"><br><font color="red"><strong> Test Failed. Order Placed not available in Order Summary Page </strong></font> <a href=".\ScreenShot\tcPUMADemo01_6.png" target="_blank" >[ScreenShot]</a></div>&emsp;]]>
    </line>
  </reporter-output>
  <suite name="Fluid PUMA PoC" duration-ms="723389" started-at="2016-05-26T06:38:42Z" finished-at="2016-05-26T06:50:46Z">
    <groups>
    </groups>
    <test name="Fluid PUMA" duration-ms="723389" started-at="2016-05-26T06:38:42Z" finished-at="2016-05-26T06:50:46Z">
      <class name="com.puma.testscripts.Fluid_PUMA_Demo">
        <test-method status="PASS" signature="beforeSuite()[pri:0, instance:com.puma.testscripts.Fluid_PUMA_Demo@2acf57e3]" name="beforeSuite" is-config="true" duration-ms="1945" started-at="2016-05-26T12:08:40Z" finished-at="2016-05-26T12:08:42Z">
          <reporter-output>
          </reporter-output>
        </test-method> <!-- beforeSuite -->
        <test-method status="PASS" signature="beforeMethod()[pri:0, instance:com.puma.testscripts.Fluid_PUMA_Demo@2acf57e3]" name="beforeMethod" is-config="true" duration-ms="1" started-at="2016-05-26T12:08:42Z" finished-at="2016-05-26T12:08:42Z">
          <reporter-output>
          </reporter-output>
        </test-method> <!-- beforeMethod -->
        <test-method status="PASS" signature="beforeMethod()[pri:0, instance:com.puma.testscripts.Fluid_PUMA_Demo@2acf57e3]" name="beforeMethod" is-config="true" duration-ms="5" started-at="2016-05-26T12:08:42Z" finished-at="2016-05-26T12:08:42Z">
          <reporter-output>
          </reporter-output>
        </test-method> <!-- beforeMethod -->
        <test-method status="PASS" signature="beforeMethod()[pri:0, instance:com.puma.testscripts.Fluid_PUMA_Demo@2acf57e3]" name="beforeMethod" is-config="true" duration-ms="2" started-at="2016-05-26T12:08:42Z" finished-at="2016-05-26T12:08:42Z">
          <reporter-output>
          </reporter-output>
        </test-method> <!-- beforeMethod -->
        <test-method status="PASS" signature="beforeMethod()[pri:0, instance:com.puma.testscripts.Fluid_PUMA_Demo@2acf57e3]" name="beforeMethod" is-config="true" duration-ms="1" started-at="2016-05-26T12:08:42Z" finished-at="2016-05-26T12:08:42Z">
          <reporter-output>
          </reporter-output>
        </test-method> <!-- beforeMethod -->
        <test-method status="PASS" signature="tcPUMADemo01(java.lang.String, java.lang.String, java.lang.String)[pri:0, instance:com.puma.testscripts.Fluid_PUMA_Demo@2acf57e3]" name="tcPUMADemo01" duration-ms="681726" started-at="2016-05-26T12:09:22Z" description="Fluid-PUMA End To End Scenario" data-provider="multiDataIterator" finished-at="2016-05-26T12:20:44Z">
          <params>
            <param index="0">
              <value>
                <![CDATA[(Browser: chrome, Hub: aspire512, Node: LOCALHOST), chrome_XP]]>
              </value>
            </param>
            <param index="1">
              <value>
                <![CDATA[https://storefront:puma123@development.eu.puma.com/_PUMA]]>
              </value>
            </param>
            <param index="2">
              <value>
                <![CDATA[VISA<>4111111111111111<>08<>2018<>787]]>
              </value>
            </param>
          </params>
          <reporter-output>
            <line>
              <![CDATA[&emsp;<div class="test-title"> <strong><font size = "3" color = "#000080">PUMA PoC - End To End Scenario<small><b><i>[Chrome_Windows || PUMA ]</b></i></small></font> </strong> </div>&emsp;<div><strong>Steps:</strong></div><!-- Report -->&emsp;]]>
            </line>
            <line>
              <![CDATA[<div class="test-event"> <font color="maroon"> <small> &emsp; &emsp;--- 26 May 12:09:29 821 - Page URL:: data:,</small> </font> </div>]]>
            </line>
            <line>
              <![CDATA[<div class="test-event"> <font color="maroon"> <small> &emsp; &emsp;--- 26 May 12:10:23 916 - Page URL:: https://storefront:puma123@development.eu.puma.com/</small> </font> </div>]]>
            </line>
            <line>
              <![CDATA[<div class="test-event"> <font color="maroon"> <small> &emsp; &emsp;--- 26 May 12:10:25 465 - Element is displayed:: [[RemoteWebDriver: chrome on XP (2bcb4867-48f3-4365-82f9-511948315337)] -> css selector: form[role='search'] button[type='submit']]</small> </font> </div>]]>
            </line>
            <line>
              <![CDATA[<div class="test-event"> <font color="maroon"> <small> &emsp; &emsp;--- 26 May 12:10:36 410 - Page URL:: https://storefront:puma123@development.eu.puma.com/</small> </font> </div>]]>
            </line>
            <line>
              <![CDATA[<div class="test-event"> <font color="maroon"> <small> &emsp; &emsp;--- 26 May 12:10:44 451 - Page URL:: https://storefront:puma123@development.eu.puma.com/</small> </font> </div>]]>
            </line>
            <line>
              <![CDATA[<div class="test-event"> <font color="maroon"> <small> &emsp; &emsp;--- 26 May 12:10:44 796 - Element is displayed:: [[RemoteWebDriver: chrome on XP (2bcb4867-48f3-4365-82f9-511948315337)] -> css selector: form[role='search'] button[type='submit']]</small> </font> </div>]]>
            </line>
            <line>
              <![CDATA[<div class="test-message">&emsp;Step 1. Navigated to 'PUMA' Home Page!</div>]]>
            </line>
            <line>
              <![CDATA[<div class="test-event"> <font color="maroon"> <small> &emsp; &emsp;--- 26 May 12:10:45 711 - Element is displayed:: [[RemoteWebDriver: chrome on XP (2bcb4867-48f3-4365-82f9-511948315337)] -> css selector: input[name='q']]</small> </font> </div>]]>
            </line>
            <line>
              <![CDATA[<div class="test-event"> <font color="maroon"> <small> &emsp; &emsp;--- 26 May 12:10:48 179 - Element is displayed:: [[RemoteWebDriver: chrome on XP (2bcb4867-48f3-4365-82f9-511948315337)] -> css selector: form[role='search'] button[type='submit']]</small> </font> </div>]]>
            </line>
            <line>
              <![CDATA[<div class="test-event"> <font color="maroon"> <small> &emsp; &emsp;--- 26 May 12:12:39 010 - Page URL:: http://development.eu.puma.com/en/search?q=shoes</small> </font> </div>]]>
            </line>
            <line>
              <![CDATA[<div class="test-event"> <font color="maroon"> <small> &emsp; &emsp;--- 26 May 12:12:39 365 - Element is displayed:: [[RemoteWebDriver: chrome on XP (2bcb4867-48f3-4365-82f9-511948315337)] -> css selector: ul[id='search-result-items'] li[class*='grid-tile']]</small> </font> </div>]]>
            </line>
            <line>
              <![CDATA[<div class="test-event"> <font color="maroon"> <small> &emsp; &emsp;--- 26 May 12:12:39 618 - Element is displayed:: [[RemoteWebDriver: chrome on XP (2bcb4867-48f3-4365-82f9-511948315337)] -> css selector: ul[id='search-result-items'] li[class*='grid-tile']]</small> </font> </div>]]>
            </line>
            <line>
              <![CDATA[<div class="test-message">&emsp;Step 2. Searched Product SKU: Shoes!</div>]]>
            </line>
            <line>
              <![CDATA[<div class="test-event"> <font color="maroon"> <small> &emsp; &emsp;--- 26 May 12:15:24 220 - Page URL:: http://development.eu.puma.com/en/pd/suede-tricks-kids%e2%80%99-trainers/361129.html?dwvar_361129_color=black-pink%20glo#q=shoes&start=1</small> </font> </div>]]>
            </line>
            <line>
              <![CDATA[<div class="test-event"> <font color="maroon"> <small> &emsp; &emsp;--- 26 May 12:15:26 437 - Page URL:: http://development.eu.puma.com/en/pd/suede-tricks-kids%e2%80%99-trainers/361129.html?dwvar_361129_color=black-pink%20glo#q=shoes&start=1</small> </font> </div>]]>
            </line>
            <line>
              <![CDATA[<div class="test-event"> <font color="maroon"> <small> &emsp; &emsp;--- 26 May 12:15:30 575 - Page URL:: http://development.eu.puma.com/en/pd/suede-tricks-kids%e2%80%99-trainers/361129.html?dwvar_361129_color=black-pink%20glo#q=shoes&start=1</small> </font> </div>]]>
            </line>
            <line>
              <![CDATA[<div class="test-event"> <font color="maroon"> <small> &emsp; &emsp;--- 26 May 12:15:32 692 - Page URL:: http://development.eu.puma.com/en/pd/suede-tricks-kids%e2%80%99-trainers/361129.html?dwvar_361129_color=black-pink%20glo#q=shoes&start=1</small> </font> </div>]]>
            </line>
            <line>
              <![CDATA[<div class="test-event"> <font color="maroon"> <small> &emsp; &emsp;--- 26 May 12:15:35 690 - Page URL:: http://development.eu.puma.com/en/pd/suede-tricks-kids%e2%80%99-trainers/361129.html?dwvar_361129_color=black-pink%20glo#q=shoes&start=1</small> </font> </div>]]>
            </line>
            <line>
              <![CDATA[<div class="test-event"> <font color="maroon"> <small> &emsp; &emsp;--- 26 May 12:15:36 084 - Element is displayed:: [[RemoteWebDriver: chrome on XP (2bcb4867-48f3-4365-82f9-511948315337)] -> css selector: button[id='add-to-cart']]</small> </font> </div>]]>
            </line>
            <line>
              <![CDATA[<div class="test-event"> <font color="maroon"> <small> &emsp; &emsp;--- 26 May 12:15:36 476 - Element is displayed:: [[RemoteWebDriver: chrome on XP (2bcb4867-48f3-4365-82f9-511948315337)] -> css selector: div[class='mini-cart-total']]</small> </font> </div>]]>
            </line>
            <line>
              <![CDATA[<div class="test-message">&emsp;Step 3. Added Item to the Bag [Name: SUEDE TRICKS KIDS’ TRAINERS | SKU: 361129_01]</div>]]>
            </line>
            <line>
              <![CDATA[<div class="test-event"> <font color="maroon"> <small> &emsp; &emsp;--- 26 May 12:15:37 080 - Element is displayed:: [[RemoteWebDriver: chrome on XP (2bcb4867-48f3-4365-82f9-511948315337)] -> css selector: div[class='mini-cart-total']]</small> </font> </div>]]>
            </line>
            <line>
              <![CDATA[<div class="test-event"> <font color="maroon"> <small> &emsp; &emsp;--- 26 May 12:15:54 961 - Page URL:: https://development.eu.puma.com/en/cart</small> </font> </div>]]>
            </line>
            <line>
              <![CDATA[<div class="test-event"> <font color="maroon"> <small> &emsp; &emsp;--- 26 May 12:15:55 234 - Element is displayed:: [[RemoteWebDriver: chrome on XP (2bcb4867-48f3-4365-82f9-511948315337)] -> css selector: form[id='cart-items-form']]</small> </font> </div>]]>
            </line>
            <line>
              <![CDATA[<div class="test-event"> <font color="maroon"> <small> &emsp; &emsp;--- 26 May 12:15:55 452 - Element is displayed:: [[RemoteWebDriver: chrome on XP (2bcb4867-48f3-4365-82f9-511948315337)] -> css selector: form[id='cart-items-form']]</small> </font> </div>]]>
            </line>
            <line>
              <![CDATA[<div class="test-message">&emsp;Step 4. Navigated to Shopping Bag Page!</div>]]>
            </line>
            <line>
              <![CDATA[<div class="test-event"> <font color="maroon"> <small> &emsp; &emsp;--- 26 May 12:16:01 006 - Page URL:: https://development.eu.puma.com/en/cart</small> </font> </div>]]>
            </line>
            <line>
              <![CDATA[<div class="test-event"> <font color="maroon"> <small> &emsp; &emsp;--- 26 May 12:16:01 748 - Element is displayed:: [[RemoteWebDriver: chrome on XP (2bcb4867-48f3-4365-82f9-511948315337)] -> css selector: div[class*='cart-footer'] button[name*='checkoutCart']]</small> </font> </div>]]>
            </line>
            <line>
              <![CDATA[<div class="test-event"> <font color="maroon"> <small> &emsp; &emsp;--- 26 May 12:16:22 078 - Page URL:: https://development.eu.puma.com/en/checkout/start</small> </font> </div>]]>
            </line>
            <line>
              <![CDATA[<div class="test-event"> <font color="maroon"> <small> &emsp; &emsp;--- 26 May 12:16:22 642 - Element is displayed:: [[RemoteWebDriver: chrome on XP (2bcb4867-48f3-4365-82f9-511948315337)] -> css selector: button[name*='login']]</small> </font> </div>]]>
            </line>
            <line>
              <![CDATA[<div class="test-event"> <font color="maroon"> <small> &emsp; &emsp;--- 26 May 12:16:23 284 - Element is displayed:: [[RemoteWebDriver: chrome on XP (2bcb4867-48f3-4365-82f9-511948315337)] -> css selector: button[name*='login']]</small> </font> </div>]]>
            </line>
            <line>
              <![CDATA[<div class="test-message">&emsp;Step 5. Navigated to Checkout Page!</div>]]>
            </line>
            <line>
              <![CDATA[<div class="test-event"> <font color="maroon"> <small> &emsp; &emsp;--- 26 May 12:16:24 063 - Element is displayed:: [[RemoteWebDriver: chrome on XP (2bcb4867-48f3-4365-82f9-511948315337)] -> css selector: button[name*='unregistered']]</small> </font> </div>]]>
            </line>
            <line>
              <![CDATA[<div class="test-message">&emsp;Step 6. Navigated to Guest Checkout Page!</div>]]>
            </line>
            <line>
              <![CDATA[<div class="test-event"> <font color="maroon"> <small> &emsp; &emsp;--- 26 May 12:17:26 900 - Page URL:: https://development.eu.puma.com/en/checkout/start?dwcont=c1428190934</small> </font> </div>]]>
            </line>
            <line>
              <![CDATA[<div class="test-event"> <font color="maroon"> <small> &emsp; &emsp;--- 26 May 12:17:27 346 - Element is displayed:: [[RemoteWebDriver: chrome on XP (2bcb4867-48f3-4365-82f9-511948315337)] -> css selector: input[id*='firstName']]</small> </font> </div>]]>
            </line>
            <line>
              <![CDATA[<div class="test-event"> <font color="maroon"> <small> &emsp; &emsp;--- 26 May 12:17:35 899 - Page URL:: https://development.eu.puma.com/en/checkout/start?dwcont=c1428190934</small> </font> </div>]]>
            </line>
            <line>
              <![CDATA[<div class="test-event"> <font color="maroon"> <small> &emsp; &emsp;--- 26 May 12:17:36 224 - Element is displayed:: [[RemoteWebDriver: chrome on XP (2bcb4867-48f3-4365-82f9-511948315337)] -> css selector: input[id*='lastName']]</small> </font> </div>]]>
            </line>
            <line>
              <![CDATA[<div class="test-event"> <font color="maroon"> <small> &emsp; &emsp;--- 26 May 12:17:38 362 - Page URL:: https://development.eu.puma.com/en/checkout/start?dwcont=c1428190934</small> </font> </div>]]>
            </line>
            <line>
              <![CDATA[<div class="test-event"> <font color="maroon"> <small> &emsp; &emsp;--- 26 May 12:17:38 657 - Element is displayed:: [[RemoteWebDriver: chrome on XP (2bcb4867-48f3-4365-82f9-511948315337)] -> css selector: input[id*='address1']]</small> </font> </div>]]>
            </line>
            <line>
              <![CDATA[<div class="test-event"> <font color="maroon"> <small> &emsp; &emsp;--- 26 May 12:17:43 283 - Page URL:: https://development.eu.puma.com/en/checkout/start?dwcont=c1428190934</small> </font> </div>]]>
            </line>
            <line>
              <![CDATA[<div class="test-event"> <font color="maroon"> <small> &emsp; &emsp;--- 26 May 12:17:43 478 - Element is displayed:: [[RemoteWebDriver: chrome on XP (2bcb4867-48f3-4365-82f9-511948315337)] -> css selector: input[id*='suite']]</small> </font> </div>]]>
            </line>
            <line>
              <![CDATA[<div class="test-event"> <font color="maroon"> <small> &emsp; &emsp;--- 26 May 12:17:46 749 - Page URL:: https://development.eu.puma.com/en/checkout/start?dwcont=c1428190934</small> </font> </div>]]>
            </line>
            <line>
              <![CDATA[<div class="test-event"> <font color="maroon"> <small> &emsp; &emsp;--- 26 May 12:17:47 257 - Element is displayed:: [[RemoteWebDriver: chrome on XP (2bcb4867-48f3-4365-82f9-511948315337)] -> css selector: input[id*='zip']]</small> </font> </div>]]>
            </line>
            <line>
              <![CDATA[<div class="test-event"> <font color="maroon"> <small> &emsp; &emsp;--- 26 May 12:17:49 843 - Page URL:: https://development.eu.puma.com/en/checkout/start?dwcont=c1428190934</small> </font> </div>]]>
            </line>
            <line>
              <![CDATA[<div class="test-event"> <font color="maroon"> <small> &emsp; &emsp;--- 26 May 12:17:50 434 - Element is displayed:: [[RemoteWebDriver: chrome on XP (2bcb4867-48f3-4365-82f9-511948315337)] -> css selector: input[id*='city']]</small> </font> </div>]]>
            </line>
            <line>
              <![CDATA[<div class="test-event"> <font color="maroon"> <small> &emsp; &emsp;--- 26 May 12:17:53 136 - Page URL:: https://development.eu.puma.com/en/checkout/start?dwcont=c1428190934</small> </font> </div>]]>
            </line>
            <line>
              <![CDATA[<div class="test-event"> <font color="maroon"> <small> &emsp; &emsp;--- 26 May 12:17:53 450 - Element is displayed:: [[RemoteWebDriver: chrome on XP (2bcb4867-48f3-4365-82f9-511948315337)] -> css selector: input[id*='emailAddress']]</small> </font> </div>]]>
            </line>
            <line>
              <![CDATA[<div class="test-event"> <font color="maroon"> <small> &emsp; &emsp;--- 26 May 12:18:03 646 - Page URL:: https://development.eu.puma.com/en/checkout/start?dwcont=c1428190934</small> </font> </div>]]>
            </line>
            <line>
              <![CDATA[<div class="test-event"> <font color="maroon"> <small> &emsp; &emsp;--- 26 May 12:18:04 243 - Element is displayed:: [[RemoteWebDriver: chrome on XP (2bcb4867-48f3-4365-82f9-511948315337)] -> css selector: button[data-id*='countries_country']]</small> </font> </div>]]>
            </line>
            <line>
              <![CDATA[<div class="test-event"> <font color="maroon"> <small> &emsp; &emsp;--- 26 May 12:18:06 871 - Page URL:: https://development.eu.puma.com/en/checkout/start?dwcont=c1428190934</small> </font> </div>]]>
            </line>
            <line>
              <![CDATA[<div class="test-event"> <font color="maroon"> <small> &emsp; &emsp;--- 26 May 12:18:07 057 - Element is displayed:: [[RemoteWebDriver: chrome on XP (2bcb4867-48f3-4365-82f9-511948315337)] -> css selector: div[class*='country'][class*='open'] ul[class='dropdown-menu inner selectpicker'] li[rel='10']]</small> </font> </div>]]>
            </line>
            <line>
              <![CDATA[<div class="test-event"> <font color="maroon"> <small> &emsp; &emsp;--- 26 May 12:18:20 961 - Page URL:: https://development.eu.puma.com/en/checkout/start?dwcont=c1428190934</small> </font> </div>]]>
            </line>
            <line>
              <![CDATA[<div class="test-event"> <font color="maroon"> <small> &emsp; &emsp;--- 26 May 12:18:21 242 - Element is displayed:: [[RemoteWebDriver: chrome on XP (2bcb4867-48f3-4365-82f9-511948315337)] -> css selector: input[id*='emailConfirm']]</small> </font> </div>]]>
            </line>
            <line>
              <![CDATA[<div class="test-event"> <font color="maroon"> <small> &emsp; &emsp;--- 26 May 12:18:28 070 - Page URL:: https://development.eu.puma.com/en/checkout/start?dwcont=c1428190934</small> </font> </div>]]>
            </line>
            <line>
              <![CDATA[<div class="test-event"> <font color="maroon"> <small> &emsp; &emsp;--- 26 May 12:18:51 024 - Element is displayed:: [[RemoteWebDriver: chrome on XP (2bcb4867-48f3-4365-82f9-511948315337)] -> css selector: label[for='is-PAYMENTOPERATOR_CREDIT']]</small> </font> </div>]]>
            </line>
            <line>
              <![CDATA[<div class="test-message">&emsp;Step 7. Entered Shipping/Payment Address Information and Proceeded to Payment Page!</div>]]>
            </line>
            <line>
              <![CDATA[<div class="test-event"> <font color="maroon"> <small> &emsp; &emsp;--- 26 May 12:18:51 265 - Element is displayed:: [[RemoteWebDriver: chrome on XP (2bcb4867-48f3-4365-82f9-511948315337)] -> css selector: label[for='is-PAYMENTOPERATOR_CREDIT']]</small> </font> </div>]]>
            </line>
            <line>
              <![CDATA[<div class="test-event"> <font color="maroon"> <small> &emsp; &emsp;--- 26 May 12:18:52 573 - Element is displayed:: [[RemoteWebDriver: chrome on XP (2bcb4867-48f3-4365-82f9-511948315337)] -> css selector: button[name*='billing_save']]</small> </font> </div>]]>
            </line>
            <line>
              <![CDATA[<div class="test-message">&emsp;Step 8. Selected CC Payment!</div>]]>
            </line>
            <line>
              <![CDATA[<div class="test-message">&emsp;Step 9. Proceeded to Order Review Page!</div>]]>
            </line>
            <line>
              <![CDATA[<div class="test-event"> <font color="maroon"> <small> &emsp; &emsp;--- 26 May 12:19:06 325 - Element is displayed:: [[RemoteWebDriver: chrome on XP (2bcb4867-48f3-4365-82f9-511948315337)] -> css selector: button[name*='submit']]</small> </font> </div>]]>
            </line>
            <line>
              <![CDATA[<div class="test-message">&emsp;Step 10. Submitted Order!</div>]]>
            </line>
            <line>
              <![CDATA[<div class="test-event"> <font color="maroon"> <small> &emsp; &emsp;--- 26 May 12:19:33 003 - Element is displayed:: [[RemoteWebDriver: chrome on XP (2bcb4867-48f3-4365-82f9-511948315337)] -> css selector: select[name='KKName']]</small> </font> </div>]]>
            </line>
            <line>
              <![CDATA[<div class="test-event"> <font color="maroon"> <small> &emsp; &emsp;--- 26 May 12:19:35 843 - Element is displayed:: [[RemoteWebDriver: chrome on XP (2bcb4867-48f3-4365-82f9-511948315337)] -> css selector: input[name='KKnr']]</small> </font> </div>]]>
            </line>
            <line>
              <![CDATA[<div class="test-event"> <font color="maroon"> <small> &emsp; &emsp;--- 26 May 12:19:38 777 - Element is displayed:: [[RemoteWebDriver: chrome on XP (2bcb4867-48f3-4365-82f9-511948315337)] -> css selector: select[name='KKMonth']]</small> </font> </div>]]>
            </line>
            <line>
              <![CDATA[<div class="test-event"> <font color="maroon"> <small> &emsp; &emsp;--- 26 May 12:19:41 626 - Element is displayed:: [[RemoteWebDriver: chrome on XP (2bcb4867-48f3-4365-82f9-511948315337)] -> css selector: select[name='KKYear']]</small> </font> </div>]]>
            </line>
            <line>
              <![CDATA[<div class="test-event"> <font color="maroon"> <small> &emsp; &emsp;--- 26 May 12:19:44 817 - Element is displayed:: [[RemoteWebDriver: chrome on XP (2bcb4867-48f3-4365-82f9-511948315337)] -> css selector: input[name='cccvc']]</small> </font> </div>]]>
            </line>
            <line>
              <![CDATA[<div class="test-event"> <font color="maroon"> <small> &emsp; &emsp;--- 26 May 12:19:45 959 - Element is displayed:: [[RemoteWebDriver: chrome on XP (2bcb4867-48f3-4365-82f9-511948315337)] -> css selector: input[value='Confirm']]</small> </font> </div>]]>
            </line>
            <line>
              <![CDATA[<div class="test-message">&emsp;Step 11. Order Placed [Order Number: Order Number: 00000006833]!&emsp;<a href=".\ScreenShot\tcPUMADemo01_1.png" target="_blank" >[ScreenShot]</a></div>]]>
            </line>
            <line>
              <![CDATA[<div class="test-message">&emsp;Step-12: Order Placed Successfully!!&emsp;<a href=".\ScreenShot\tcPUMADemo01_5.png" target="_blank" >[ScreenShot]</a></div>]]>
            </line>
            <line>
              <![CDATA[<div class="test-message">&emsp;-- Order Info [ Product Name: SUEDE TRICKS KIDS’ TRAINERS || Product Sales Price: € 60,00 || Product SKU: 361129_01 || Payment Type: VISA || Card #: 4111111111111111 ].</div>]]>
            </line>
            <line>
              <![CDATA[<div class="test-result"><br><font color="green"><strong> Test Passed.  </strong></font> </div>&emsp;]]>
            </line>
          </reporter-output>
        </test-method> <!-- tcPUMADemo01 -->
[...]
            </line>
            <line>
              <![CDATA[<div class="test-event"> <font color="maroon"> <small> &emsp; &emsp;--- 26 May 12:15:53 127 - Page URL:: https://development.eu.puma.com/en/checkout/start?dwcont=c1428184247</small> </font> </div>]]>
            </line>
            <line>
              <![CDATA[<div class="test-event"> <font color="maroon"> <small> &emsp; &emsp;--- 26 May 12:15:53 410 - Element is displayed:: [[RemoteWebDriver: firefox on WINDOWS (c7ef469f-1592-4fa3-9ee4-28cd2c56141d)] -> css selector: input[id*='firstName']]</small> </font> </div>]]>
            </line>
            <line>
              <![CDATA[<div class="test-event"> <font color="maroon"> <small> &emsp; &emsp;--- 26 May 12:16:00 242 - Page URL:: https://development.eu.puma.com/en/checkout/start?dwcont=c1428184247</small> </font> </div>]]>
            </line>
            <line>
              <![CDATA[<div class="test-event"> <font color="maroon"> <small> &emsp; &emsp;--- 26 May 12:16:00 510 - Element is displayed:: [[RemoteWebDriver: firefox on WINDOWS (c7ef469f-1592-4fa3-9ee4-28cd2c56141d)] -> css selector: input[id*='lastName']]</small> </font> </div>]]>
            </line>
            <line>
              <![CDATA[<div class="test-event"> <font color="maroon"> <small> &emsp; &emsp;--- 26 May 12:16:05 407 - Page URL:: https://development.eu.puma.com/en/checkout/start?dwcont=c1428184247</small> </font> </div>]]>
            </line>
            <line>
              <![CDATA[<div class="test-event"> <font color="maroon"> <small> &emsp; &emsp;--- 26 May 12:16:06 076 - Element is displayed:: [[RemoteWebDriver: firefox on WINDOWS (c7ef469f-1592-4fa3-9ee4-28cd2c56141d)] -> css selector: input[id*='address1']]</small> </font> </div>]]>
            </line>
            <line>
              <![CDATA[<div class="test-event"> <font color="maroon"> <small> &emsp; &emsp;--- 26 May 12:16:15 762 - Page URL:: https://development.eu.puma.com/en/checkout/start?dwcont=c1428184247</small> </font> </div>]]>
            </line>
            <line>
              <![CDATA[<div class="test-event"> <font color="maroon"> <small> &emsp; &emsp;--- 26 May 12:16:16 106 - Element is displayed:: [[RemoteWebDriver: firefox on WINDOWS (c7ef469f-1592-4fa3-9ee4-28cd2c56141d)] -> css selector: input[id*='suite']]</small> </font> </div>]]>
            </line>
            <line>
              <![CDATA[<div class="test-event"> <font color="maroon"> <small> &emsp; &emsp;--- 26 May 12:16:21 433 - Page URL:: https://development.eu.puma.com/en/checkout/start?dwcont=c1428184247</small> </font> </div>]]>
            </line>
            <line>
              <![CDATA[<div class="test-event"> <font color="maroon"> <small> &emsp; &emsp;--- 26 May 12:16:21 621 - Element is displayed:: [[RemoteWebDriver: firefox on WINDOWS (c7ef469f-1592-4fa3-9ee4-28cd2c56141d)] -> css selector: input[id*='zip']]</small> </font> </div>]]>
            </line>
            <line>
              <![CDATA[<div class="test-event"> <font color="maroon"> <small> &emsp; &emsp;--- 26 May 12:16:25 248 - Page URL:: https://development.eu.puma.com/en/checkout/start?dwcont=c1428184247</small> </font> </div>]]>
            </line>
            <line>
              <![CDATA[<div class="test-event"> <font color="maroon"> <small> &emsp; &emsp;--- 26 May 12:16:25 435 - Element is displayed:: [[RemoteWebDriver: firefox on WINDOWS (c7ef469f-1592-4fa3-9ee4-28cd2c56141d)] -> css selector: input[id*='city']]</small> </font> </div>]]>
            </line>
            <line>
              <![CDATA[<div class="test-event"> <font color="maroon"> <small> &emsp; &emsp;--- 26 May 12:16:36 197 - Page URL:: https://development.eu.puma.com/en/checkout/start?dwcont=c1428184247</small> </font> </div>]]>
            </line>
            <line>
              <![CDATA[<div class="test-event"> <font color="maroon"> <small> &emsp; &emsp;--- 26 May 12:16:36 761 - Element is displayed:: [[RemoteWebDriver: firefox on WINDOWS (c7ef469f-1592-4fa3-9ee4-28cd2c56141d)] -> css selector: input[id*='emailAddress']]</small> </font> </div>]]>
            </line>
            <line>
              <![CDATA[<div class="test-event"> <font color="maroon"> <small> &emsp; &emsp;--- 26 May 12:16:41 085 - Page URL:: https://development.eu.puma.com/en/checkout/start?dwcont=c1428184247</small> </font> </div>]]>
            </line>
            <line>
              <![CDATA[<div class="test-event"> <font color="maroon"> <small> &emsp; &emsp;--- 26 May 12:16:41 220 - Element is displayed:: [[RemoteWebDriver: firefox on WINDOWS (c7ef469f-1592-4fa3-9ee4-28cd2c56141d)] -> css selector: button[data-id*='countries_country']]</small> </font> </div>]]>
            </line>
            <line>
              <![CDATA[<div class="test-event"> <font color="maroon"> <small> &emsp; &emsp;--- 26 May 12:16:46 137 - Page URL:: https://development.eu.puma.com/en/checkout/start?dwcont=c1428184247</small> </font> </div>]]>
            </line>
            <line>
              <![CDATA[<div class="test-event"> <font color="maroon"> <small> &emsp; &emsp;--- 26 May 12:16:46 307 - Element is displayed:: [[RemoteWebDriver: firefox on WINDOWS (c7ef469f-1592-4fa3-9ee4-28cd2c56141d)] -> css selector: div[class*='country'][class*='open'] ul[class='dropdown-menu inner selectpicker'] li[rel='10']]</small> </font> </div>]]>
            </line>
            <line>
              <![CDATA[<div class="test-event"> <font color="maroon"> <small> &emsp; &emsp;--- 26 May 12:17:28 970 - Page URL:: https://development.eu.puma.com/en/checkout/start?dwcont=c1428184247</small> </font> </div>]]>
            </line>
            <line>
              <![CDATA[<div class="test-event"> <font color="maroon"> <small> &emsp; &emsp;--- 26 May 12:17:29 147 - Element is displayed:: [[RemoteWebDriver: firefox on WINDOWS (c7ef469f-1592-4fa3-9ee4-28cd2c56141d)] -> css selector: input[id*='emailConfirm']]</small> </font> </div>]]>
            </line>
            <line>
              <![CDATA[<div class="test-event"> <font color="maroon"> <small> &emsp; &emsp;--- 26 May 12:17:33 790 - Page URL:: https://development.eu.puma.com/en/checkout/start?dwcont=c1428184247</small> </font> </div>]]>
            </line>
            <line>
              <![CDATA[<div class="test-event"> <font color="maroon"> <small> &emsp; &emsp;--- 26 May 12:18:24 972 - Element is displayed:: [[RemoteWebDriver: firefox on WINDOWS (c7ef469f-1592-4fa3-9ee4-28cd2c56141d)] -> css selector: label[for='is-PAYMENTOPERATOR_CREDIT']]</small> </font> </div>]]>
            </line>
            <line>
              <![CDATA[<div class="test-message">&emsp;Step 7. Entered Shipping/Payment Address Information and Proceeded to Payment Page!</div>]]>
            </line>
            <line>
              <![CDATA[<div class="test-event"> <font color="maroon"> <small> &emsp; &emsp;--- 26 May 12:18:25 734 - Element is displayed:: [[RemoteWebDriver: firefox on WINDOWS (c7ef469f-1592-4fa3-9ee4-28cd2c56141d)] -> css selector: label[for='is-PAYMENTOPERATOR_CREDIT']]</small> </font> </div>]]>
            </line>
            <line>
              <![CDATA[<div class="test-event"> <font color="maroon"> <small> &emsp; &emsp;--- 26 May 12:18:26 728 - Element is displayed:: [[RemoteWebDriver: firefox on WINDOWS (c7ef469f-1592-4fa3-9ee4-28cd2c56141d)] -> css selector: button[name*='billing_save']]</small> </font> </div>]]>
            </line>
            <line>
              <![CDATA[<div class="test-message">&emsp;Step 8. Selected CC Payment!</div>]]>
            </line>
            <line>
              <![CDATA[<div class="test-message">&emsp;Step 9. Proceeded to Order Review Page!</div>]]>
            </line>
            <line>
              <![CDATA[<div class="test-event"> <font color="maroon"> <small> &emsp; &emsp;--- 26 May 12:18:49 847 - Element is displayed:: [[RemoteWebDriver: firefox on WINDOWS (c7ef469f-1592-4fa3-9ee4-28cd2c56141d)] -> css selector: button[name*='submit']]</small> </font> </div>]]>
            </line>
            <line>
              <![CDATA[<div class="test-message">&emsp;Step 10. Submitted Order!</div>]]>
            </line>
            <line>
              <![CDATA[<div class="test-event"> <font color="maroon"> <small> &emsp; &emsp;--- 26 May 12:19:29 291 - Element is displayed:: [[RemoteWebDriver: firefox on WINDOWS (c7ef469f-1592-4fa3-9ee4-28cd2c56141d)] -> css selector: select[name='KKName']]</small> </font> </div>]]>
            </line>
            <line>
              <![CDATA[<div class="test-event"> <font color="maroon"> <small> &emsp; &emsp;--- 26 May 12:19:32 223 - Element is displayed:: [[RemoteWebDriver: firefox on WINDOWS (c7ef469f-1592-4fa3-9ee4-28cd2c56141d)] -> css selector: input[name='KKnr']]</small> </font> </div>]]>
            </line>
            <line>
              <![CDATA[<div class="test-event"> <font color="maroon"> <small> &emsp; &emsp;--- 26 May 12:19:33 621 - Element is displayed:: [[RemoteWebDriver: firefox on WINDOWS (c7ef469f-1592-4fa3-9ee4-28cd2c56141d)] -> css selector: select[name='KKMonth']]</small> </font> </div>]]>
            </line>
            <line>
              <![CDATA[<div class="test-event"> <font color="maroon"> <small> &emsp; &emsp;--- 26 May 12:19:35 545 - Element is displayed:: [[RemoteWebDriver: firefox on WINDOWS (c7ef469f-1592-4fa3-9ee4-28cd2c56141d)] -> css selector: select[name='KKYear']]</small> </font> </div>]]>
            </line>
            <line>
              <![CDATA[<div class="test-event"> <font color="maroon"> <small> &emsp; &emsp;--- 26 May 12:19:37 531 - Element is displayed:: [[RemoteWebDriver: firefox on WINDOWS (c7ef469f-1592-4fa3-9ee4-28cd2c56141d)] -> css selector: input[name='cccvc']]</small> </font> </div>]]>
            </line>
            <line>
              <![CDATA[<div class="test-event"> <font color="maroon"> <small> &emsp; &emsp;--- 26 May 12:19:38 785 - Element is displayed:: [[RemoteWebDriver: firefox on WINDOWS (c7ef469f-1592-4fa3-9ee4-28cd2c56141d)] -> css selector: input[value='Confirm']]</small> </font> </div>]]>
            </line>
            <line>
              <![CDATA[<div class="test-message">&emsp;Step 11. Order Placed [Order Number: Order Number: 00000006832]!&emsp;<a href=".\ScreenShot\tcPUMADemo01_3.png" target="_blank" >[ScreenShot]</a></div>]]>
            </line>
            <line>
              <![CDATA[<div class="test-message">&emsp;Step-12: Order Placed Successfully!!&emsp;<a href=".\ScreenShot\tcPUMADemo01_4.png" target="_blank" >[ScreenShot]</a></div>]]>
            </line>
            <line>
              <![CDATA[<div class="test-message">&emsp;-- Order Info [ Product Name: SUEDE TRICKS KIDS’ TRAINERS || Product Sales Price: € 60,00 || Product SKU: 361129_01 || Payment Type: MasterCard || Card #: 5555555555554444 ].</div>]]>
            </line>
            <line>
              <![CDATA[<div class="test-result"><br><font color="green"><strong> Test Passed.  </strong></font> </div>&emsp;]]>
            </line>
          </reporter-output>
        </test-method> <!-- tcPUMADemo01 -->
        <test-method status="FAIL" signature="tcPUMADemo01(java.lang.String, java.lang.String, java.lang.String)[pri:0, instance:com.puma.testscripts.Fluid_PUMA_Demo@2acf57e3]" name="tcPUMADemo01" duration-ms="2" started-at="2016-05-26T12:11:16Z" description="Fluid-PUMA End To End Scenario" data-provider="multiDataIterator" finished-at="2016-05-26T12:11:16Z">
          <params>
            <param index="0">
              <value>
                <![CDATA[Firefox_Windows]]>
              </value>
            </param>
            <param index="1">
              <value>
                <![CDATA[https://storefront:puma123@development.eu.puma.com/_PUMA]]>
              </value>
            </param>
            <param index="2">
              <value>
                <![CDATA[VISA<>4111111111111111<>08<>2018<>787]]>
              </value>
            </param>
          </params>
          <exception class="org.openqa.selenium.WebDriverException">
            <message>
              <![CDATA[Unable to connect to host 127.0.0.1 on port 7056 after 45000 ms. Firefox console output:

Command duration or timeout: 101.30 seconds
Build info: version: '2.51.0', revision: '1af067dbcaedd7d2ab9af5151fc471d363d97193', time: '2016-02-05 11:20:57'
System info: host: 'aspire512', ip: '172.24.166.109', os.name: 'Windows 7', os.arch: 'amd64', os.version: '6.1', java.version: '1.8.0_45'
Driver info: org.openqa.selenium.remote.RemoteWebDriver]]>
            </message>
            <full-stacktrace>
              <![CDATA[org.openqa.selenium.WebDriverException: Unable to connect to host 127.0.0.1 on port 7056 after 45000 ms. Firefox console output:

Command duration or timeout: 101.30 seconds
Build info: version: '2.51.0', revision: '1af067dbcaedd7d2ab9af5151fc471d363d97193', time: '2016-02-05 11:20:57'
System info: host: 'aspire512', ip: '172.24.166.109', os.name: 'Windows 7', os.arch: 'amd64', os.version: '6.1', java.version: '1.8.0_45'
Driver info: org.openqa.selenium.remote.RemoteWebDriver
	at sun.reflect.NativeConstructorAccessorImpl.newInstance0(Native Method)
	at sun.reflect.NativeConstructorAccessorImpl.newInstance(Unknown Source)
	at sun.reflect.DelegatingConstructorAccessorImpl.newInstance(Unknown Source)
	at java.lang.reflect.Constructor.newInstance(Unknown Source)
	at org.openqa.selenium.remote.ErrorHandler.createThrowable(ErrorHandler.java:206)
	at org.openqa.selenium.remote.ErrorHandler.throwIfResponseFailed(ErrorHandler.java:158)
	at org.openqa.selenium.remote.RemoteWebDriver.execute(RemoteWebDriver.java:678)
	at org.openqa.selenium.remote.RemoteWebDriver.startSession(RemoteWebDriver.java:249)
	at org.openqa.selenium.remote.RemoteWebDriver.<init>(RemoteWebDriver.java:131)
	at org.openqa.selenium.remote.RemoteWebDriver.<init>(RemoteWebDriver.java:158)
	at com.ecom.support.WebDriverFactory.get(WebDriverFactory.java:263)
	at com.puma.testscripts.Fluid_PUMA_Demo.tcPUMADemo01(Fluid_PUMA_Demo.java:32)
	at sun.reflect.NativeMethodAccessorImpl.invoke0(Native Method)
	at sun.reflect.NativeMethodAccessorImpl.invoke(Unknown Source)
	at sun.reflect.DelegatingMethodAccessorImpl.invoke(Unknown Source)
	at java.lang.reflect.Method.invoke(Unknown Source)
	at org.testng.internal.MethodInvocationHelper.invokeMethod(MethodInvocationHelper.java:84)
	at org.testng.internal.Invoker.invokeMethod(Invoker.java:714)
	at org.testng.internal.Invoker.invokeTestMethod(Invoker.java:901)
	at org.testng.internal.TestMethodWithDataProviderMethodWorker.call(TestMethodWithDataProviderMethodWorker.java:73)
	at org.testng.internal.TestMethodWithDataProviderMethodWorker.call(TestMethodWithDataProviderMethodWorker.java:14)
	at java.util.concurrent.FutureTask.run(Unknown Source)
	at java.util.concurrent.Executors$RunnableAdapter.call(Unknown Source)
	at java.util.concurrent.FutureTask.run(Unknown Source)
	at java.util.concurrent.ThreadPoolExecutor.runWorker(Unknown Source)
	at java.util.concurrent.ThreadPoolExecutor$Worker.run(Unknown Source)
	at java.lang.Thread.run(Unknown Source)
Caused by: org.openqa.selenium.remote.ErrorHandler$UnknownServerException: Unable to connect to host 127.0.0.1 on port 7056 after 45000 ms. Firefox console output:

Build info: version: '2.51.0', revision: '1af067dbcaedd7d2ab9af5151fc471d363d97193', time: '2016-02-05 11:20:57'
System info: host: 'aspire512', ip: '172.24.166.109', os.name: 'Windows 7', os.arch: 'amd64', os.version: '6.1', java.version: '1.8.0_45'
Driver info: driver.version: FirefoxDriver
	at org.openqa.selenium.firefox.internal.NewProfileExtensionConnection.start(NewProfileExtensionConnection.java:112)
	at org.openqa.selenium.firefox.FirefoxDriver.startClient(FirefoxDriver.java:271)
	at org.openqa.selenium.remote.RemoteWebDriver.<init>(RemoteWebDriver.java:119)
	at org.openqa.selenium.firefox.FirefoxDriver.<init>(FirefoxDriver.java:218)
	at org.openqa.selenium.firefox.FirefoxDriver.<init>(FirefoxDriver.java:211)
	at org.openqa.selenium.firefox.FirefoxDriver.<init>(FirefoxDriver.java:129)
	at sun.reflect.NativeConstructorAccessorImpl.newInstance0(Native Method)
	at sun.reflect.NativeConstructorAccessorImpl.newInstance(Unknown Source)
	at sun.reflect.DelegatingConstructorAccessorImpl.newInstance(Unknown Source)
	at java.lang.reflect.Constructor.newInstance(Unknown Source)
	at org.openqa.selenium.remote.server.FirefoxDriverProvider.callConstructor(FirefoxDriverProvider.java:91)
	at org.openqa.selenium.remote.server.FirefoxDriverProvider.newInstance(FirefoxDriverProvider.java:68)
	at org.openqa.selenium.remote.server.DefaultDriverFactory.newInstance(DefaultDriverFactory.java:60)
	at org.openqa.selenium.remote.server.DefaultSession$BrowserCreator.call(DefaultSession.java:222)
	at org.openqa.selenium.remote.server.DefaultSession$BrowserCreator.call(DefaultSession.java:1)
	at java.util.concurrent.FutureTask.run(Unknown Source)
	at org.openqa.selenium.remote.server.DefaultSession$1.run(DefaultSession.java:176)
	... 3 more
]]>
            </full-stacktrace>
          </exception> <!-- org.openqa.selenium.WebDriverException -->
          <reporter-output>
          </reporter-output>
        </test-method> <!-- tcPUMADemo01 -->
        <test-method status="PASS" signature="afterMethod(org.testng.ITestContext)[pri:0, instance:com.puma.testscripts.Fluid_PUMA_Demo@2acf57e3]" name="afterMethod" is-config="true" duration-ms="21" started-at="2016-05-26T12:11:16Z" finished-at="2016-05-26T12:11:16Z">
          <params>
            <param index="0">
              <value>
                <![CDATA[org.testng.TestRunner@3c41ed1d]]>
              </value>
            </param>
          </params>
          <reporter-output>
          </reporter-output>
        </test-method> <!-- afterMethod -->
        <test-method status="PASS" signature="afterMethod(org.testng.ITestContext)[pri:0, instance:com.puma.testscripts.Fluid_PUMA_Demo@2acf57e3]" name="afterMethod" is-config="true" duration-ms="1" started-at="2016-05-26T12:20:44Z" finished-at="2016-05-26T12:20:44Z">
          <params>
            <param index="0">
              <value>
                <![CDATA[org.testng.TestRunner@3c41ed1d]]>
              </value>
            </param>
          </params>
          <reporter-output>
          </reporter-output>
        </test-method> <!-- afterMethod -->
        <test-method status="PASS" signature="afterMethod(org.testng.ITestContext)[pri:0, instance:com.puma.testscripts.Fluid_PUMA_Demo@2acf57e3]" name="afterMethod" is-config="true" duration-ms="0" started-at="2016-05-26T12:20:44Z" finished-at="2016-05-26T12:20:44Z">
          <params>
            <param index="0">
              <value>
                <![CDATA[org.testng.TestRunner@3c41ed1d]]>
              </value>
            </param>
          </params>
          <reporter-output>
          </reporter-output>
        </test-method> <!-- afterMethod -->
        <test-method status="PASS" signature="afterMethod(org.testng.ITestContext)[pri:0, instance:com.puma.testscripts.Fluid_PUMA_Demo@2acf57e3]" name="afterMethod" is-config="true" duration-ms="1" started-at="2016-05-26T12:20:46Z" finished-at="2016-05-26T12:20:46Z">
          <params>
            <param index="0">
              <value>
                <![CDATA[org.testng.TestRunner@3c41ed1d]]>
              </value>
            </param>
          </params>
          <reporter-output>
          </reporter-output>
        </test-method> <!-- afterMethod -->
        <test-method status="PASS" signature="afterSuite()[pri:0, instance:com.puma.testscripts.Fluid_PUMA_Demo@2acf57e3]" name="afterSuite" is-config="true" duration-ms="2349" started-at="2016-05-26T12:20:46Z" finished-at="2016-05-26T12:20:48Z">
          <reporter-output>
          </reporter-output>
        </test-method> <!-- afterSuite -->
      </class> <!-- com.puma.testscripts.Fluid_PUMA_Demo -->
    </test> <!-- Fluid PUMA -->
  </suite> <!-- Fluid PUMA PoC -->
</testng-results>
